#
# There is insufficient memory for the Java Runtime Environment to continue.
# Native memory allocation (malloc) failed to allocate 32744 bytes for ChunkPool::allocate
# Possible reasons:
#   The system is out of physical RAM or swap space
#   In 32 bit mode, the process size limit was hit
# Possible solutions:
#   Reduce memory load on the system
#   Increase physical memory or swap space
#   Check if swap backing store is full
#   Use 64 bit Java on a 64 bit OS
#   Decrease Java heap size (-Xmx/-Xms)
#   Decrease number of Java threads
#   Decrease Java thread stack sizes (-Xss)
#   Set larger code cache with -XX:ReservedCodeCacheSize=
# This output file may be truncated or incomplete.
#
#  Out of Memory Error (allocation.cpp:273), pid=7252, tid=0x0000000000001820
#
# JRE version: OpenJDK Runtime Environment (8.0_152-b02) (build 1.8.0_152-release-1024-b02)
# Java VM: OpenJDK 64-Bit Server VM (25.152-b02 mixed mode windows-amd64 compressed oops)
# Failed to write core dump. Minidumps are not enabled by default on client versions of Windows
#

---------------  T H R E A D  ---------------

Current thread (0x000000005602b000):  JavaThread "C2 CompilerThread1" daemon [_thread_in_native, id=6176, stack(0x00000000575d0000,0x00000000576d0000)]

Stack: [0x00000000575d0000,0x00000000576d0000]
[error occurred during error reporting (printing stack bounds), id 0xc0000005]

Native frames: (J=compiled Java code, j=interpreted, Vv=VM code, C=native code)


Current CompileTask:
C2:  32312 3186   !   4       sun.misc.Resource::getBytes (242 bytes)


---------------  P R O C E S S  ---------------

Java Threads: ( => current thread )
  0x000000005c3f6800 JavaThread "pool-1-thread-1" [_thread_blocked, id=3140, stack(0x0000000061cb0000,0x0000000061db0000)]
  0x000000005c3f5800 JavaThread "build operations Thread 4" [_thread_blocked, id=7424, stack(0x0000000061960000,0x0000000061a60000)]
  0x000000005c3f5000 JavaThread "build operations Thread 3" [_thread_blocked, id=7804, stack(0x0000000061dc0000,0x0000000061ec0000)]
  0x000000005c3f4000 JavaThread "build operations Thread 2" [_thread_blocked, id=7148, stack(0x00000000588c0000,0x00000000589c0000)]
  0x000000005c3f3800 JavaThread "build operations" [_thread_blocked, id=6220, stack(0x0000000061570000,0x0000000061670000)]
  0x000000005c3f1000 JavaThread "Cache worker for Artifact transforms cache (C:\Users\pakistan\.gradle\caches\transforms-1)" [_thread_blocked, id=7108, stack(0x0000000061450000,0x0000000061550000)]
  0x00000000595ef800 JavaThread "Cache worker for file hash cache (D:\Raheel Data\Kotlin\Kotlin Projects\AxiomTaskOne\.gradle\4.4\fileHashes)" [_thread_blocked, id=8044, stack(0x000000005c200000,0x000000005c300000)]
  0x000000005953d000 JavaThread "File lock request listener" [_thread_in_native, id=6108, stack(0x000000005b120000,0x000000005b220000)]
  0x0000000059426800 JavaThread "Cache worker for file hash cache (C:\Users\pakistan\.gradle\caches\4.4\fileHashes)" [_thread_blocked, id=7208, stack(0x000000005afa0000,0x000000005b0a0000)]
  0x0000000059498800 JavaThread "Stdin handler" [_thread_blocked, id=5284, stack(0x000000005ac20000,0x000000005ad20000)]
  0x0000000059493800 JavaThread "Asynchronous log dispatcher for DefaultDaemonConnection: socket connection from /127.0.0.1:17228 to /127.0.0.1:17230" [_thread_blocked, id=4796, stack(0x000000005a9d0000,0x000000005aad0000)]
  0x00000000594a3000 JavaThread "Daemon worker" [_thread_in_vm, id=7140, stack(0x000000005a7f0000,0x000000005a8f0000)]
  0x0000000057c39000 JavaThread "Cancel handler" [_thread_blocked, id=1528, stack(0x000000005a670000,0x000000005a770000)]
  0x0000000059349000 JavaThread "Handler for socket connection from /127.0.0.1:17228 to /127.0.0.1:17230" [_thread_in_native, id=6556, stack(0x000000005a2a0000,0x000000005a3a0000)]
  0x0000000059344000 JavaThread "Daemon" [_thread_blocked, id=3864, stack(0x000000005a0c0000,0x000000005a1c0000)]
  0x00000000592d4000 JavaThread "Daemon periodic checks" [_thread_blocked, id=4380, stack(0x0000000057d90000,0x0000000057e90000)]
  0x0000000059215000 JavaThread "Incoming local TCP Connector on port 17228" [_thread_in_native, id=6648, stack(0x0000000059e80000,0x0000000059f80000)]
  0x00000000579c3800 JavaThread "Service Thread" daemon [_thread_blocked, id=5444, stack(0x0000000056f10000,0x0000000057010000)]
  0x000000005602f000 JavaThread "C1 CompilerThread2" daemon [_thread_blocked, id=4700, stack(0x0000000057ec0000,0x0000000057fc0000)]
=>0x000000005602b000 JavaThread "C2 CompilerThread1" daemon [_thread_in_native, id=6176, stack(0x00000000575d0000,0x00000000576d0000)]
  0x0000000056027000 JavaThread "C2 CompilerThread0" daemon [_thread_in_native, id=7176, stack(0x0000000057840000,0x0000000057940000)]
  0x0000000056020000 JavaThread "Attach Listener" daemon [_thread_blocked, id=6364, stack(0x0000000057740000,0x0000000057840000)]
  0x000000005601e800 JavaThread "Signal Dispatcher" daemon [_thread_blocked, id=4584, stack(0x0000000057380000,0x0000000057480000)]
  0x0000000056008000 JavaThread "Finalizer" daemon [_thread_blocked, id=5208, stack(0x00000000574b0000,0x00000000575b0000)]
  0x0000000055fc1000 JavaThread "Reference Handler" daemon [_thread_blocked, id=2640, stack(0x0000000057210000,0x0000000057310000)]
  0x0000000001e3e800 JavaThread "main" [_thread_blocked, id=7244, stack(0x0000000002180000,0x0000000002280000)]

Other Threads:
  0x0000000055fb9800 VMThread [stack: 0x0000000057030000,0x0000000057130000] [id=3696]
  0x00000000579c4800 WatcherThread [stack: 0x0000000057fc0000,0x00000000580c0000] [id=8040]

VM state:not at safepoint (normal execution)

VM Mutex/Monitor currently owned by a thread: None

Heap:
 PSYoungGen      total 125952K, used 1957K [0x00000000e0000000, 0x00000000e9300000, 0x0000000100000000)
  eden space 115712K, 1% used [0x00000000e0000000,0x00000000e01e9408,0x00000000e7100000)
  from space 10240K, 0% used [0x00000000e7f00000,0x00000000e7f00000,0x00000000e8900000)
  to   space 7680K, 0% used [0x00000000e8b80000,0x00000000e8b80000,0x00000000e9300000)
 ParOldGen       total 53248K, used 19469K [0x00000000a0000000, 0x00000000a3400000, 0x00000000e0000000)
  object space 53248K, 36% used [0x00000000a0000000,0x00000000a1303690,0x00000000a3400000)
 Metaspace       used 34993K, capacity 35516K, committed 35672K, reserved 1079296K
  class space    used 4819K, capacity 5036K, committed 5120K, reserved 1048576K

Card table byte_map: [0x0000000011910000,0x0000000011c20000] byte_map_base: 0x0000000011410000

Marking Bits: (ParMarkBitMap*) 0x00000000612e4970
 Begin Bits: [0x0000000012330000, 0x0000000013b30000)
 End Bits:   [0x0000000013b30000, 0x0000000015330000)

Polling page: 0x0000000000130000

CodeCache: size=245760Kb used=9731Kb max_used=10143Kb free=236028Kb
 bounds [0x0000000002550000, 0x0000000002f40000, 0x0000000011550000]
 total_blobs=3569 nmethods=2871 adapters=611
 compilation: enabled

Compilation events (10 events):
Event: 31.653 Thread 0x000000005602f000 3181   !   3       java.io.FileInputStream::close (62 bytes)
Event: 31.653 Thread 0x000000005602b000 3182       4       java.util.zip.ZipFile$ZipFileInflaterInputStream::finalize (5 bytes)
Event: 31.654 Thread 0x000000005602b000 nmethod 3182 0x00000000027272d0 code [0x0000000002727420, 0x0000000002727488]
Event: 31.654 Thread 0x000000005602b000 3183       4       java.util.zip.ZipFile$ZipFileInputStream::finalize (5 bytes)
Event: 31.654 Thread 0x000000005602f000 nmethod 3181 0x000000000270b5d0 code [0x000000000270b760, 0x000000000270bdb8]
Event: 31.654 Thread 0x000000005602b000 nmethod 3183 0x00000000026bfdd0 code [0x00000000026bff20, 0x00000000026bff88]
Event: 32.158 Thread 0x000000005602b000 3184       4       java.lang.ClassLoader::defineClass (43 bytes)
Event: 32.221 Thread 0x000000005602b000 nmethod 3184 0x0000000002b6b390 code [0x0000000002b6b580, 0x0000000002b6c460]
Event: 32.251 Thread 0x0000000056027000 3185   !   4       java.security.SecureClassLoader::getProtectionDomain (114 bytes)
Event: 32.267 Thread 0x000000005602b000 3186   !   4       sun.misc.Resource::getBytes (242 bytes)

GC Heap History (10 events):
Event: 10.587 GC heap before
{Heap before GC invocations=5 (full 0):
 PSYoungGen      total 71680K, used 18060K [0x00000000e0000000, 0x00000000e4b00000, 0x0000000100000000)
  eden space 66560K, 19% used [0x00000000e0000000,0x00000000e0cab248,0x00000000e4100000)
  from space 5120K, 99% used [0x00000000e4600000,0x00000000e4af8040,0x00000000e4b00000)
  to   space 5120K, 0% used [0x00000000e4100000,0x00000000e4100000,0x00000000e4600000)
 ParOldGen       total 87552K, used 5753K [0x00000000a0000000, 0x00000000a5580000, 0x00000000e0000000)
  object space 87552K, 6% used [0x00000000a0000000,0x00000000a059e5b0,0x00000000a5580000)
 Metaspace       used 20821K, capacity 21200K, committed 21248K, reserved 1067008K
  class space    used 2903K, capacity 3038K, committed 3072K, reserved 1048576K
Event: 10.731 GC heap after
Heap after GC invocations=5 (full 0):
 PSYoungGen      total 71680K, used 5092K [0x00000000e0000000, 0x00000000e9500000, 0x0000000100000000)
  eden space 66560K, 0% used [0x00000000e0000000,0x00000000e0000000,0x00000000e4100000)
  from space 5120K, 99% used [0x00000000e4100000,0x00000000e45f9050,0x00000000e4600000)
  to   space 9728K, 0% used [0x00000000e8b80000,0x00000000e8b80000,0x00000000e9500000)
 ParOldGen       total 87552K, used 8138K [0x00000000a0000000, 0x00000000a5580000, 0x00000000e0000000)
  object space 87552K, 9% used [0x00000000a0000000,0x00000000a07f2a08,0x00000000a5580000)
 Metaspace       used 20821K, capacity 21200K, committed 21248K, reserved 1067008K
  class space    used 2903K, capacity 3038K, committed 3072K, reserved 1048576K
}
Event: 10.731 GC heap before
{Heap before GC invocations=6 (full 1):
 PSYoungGen      total 71680K, used 5092K [0x00000000e0000000, 0x00000000e9500000, 0x0000000100000000)
  eden space 66560K, 0% used [0x00000000e0000000,0x00000000e0000000,0x00000000e4100000)
  from space 5120K, 99% used [0x00000000e4100000,0x00000000e45f9050,0x00000000e4600000)
  to   space 9728K, 0% used [0x00000000e8b80000,0x00000000e8b80000,0x00000000e9500000)
 ParOldGen       total 87552K, used 8138K [0x00000000a0000000, 0x00000000a5580000, 0x00000000e0000000)
  object space 87552K, 9% used [0x00000000a0000000,0x00000000a07f2a08,0x00000000a5580000)
 Metaspace       used 20821K, capacity 21200K, committed 21248K, reserved 1067008K
  class space    used 2903K, capacity 3038K, committed 3072K, reserved 1048576K
Event: 10.945 GC heap after
Heap after GC invocations=6 (full 1):
 PSYoungGen      total 71680K, used 0K [0x00000000e0000000, 0x00000000e9500000, 0x0000000100000000)
  eden space 66560K, 0% used [0x00000000e0000000,0x00000000e0000000,0x00000000e4100000)
  from space 5120K, 0% used [0x00000000e4100000,0x00000000e4100000,0x00000000e4600000)
  to   space 9728K, 0% used [0x00000000e8b80000,0x00000000e8b80000,0x00000000e9500000)
 ParOldGen       total 53248K, used 7829K [0x00000000a0000000, 0x00000000a3400000, 0x00000000e0000000)
  object space 53248K, 14% used [0x00000000a0000000,0x00000000a07a5420,0x00000000a3400000)
 Metaspace       used 20821K, capacity 21200K, committed 21248K, reserved 1067008K
  class space    used 2903K, capacity 3038K, committed 3072K, reserved 1048576K
}
Event: 14.465 GC heap before
{Heap before GC invocations=7 (full 1):
 PSYoungGen      total 71680K, used 66560K [0x00000000e0000000, 0x00000000e9500000, 0x0000000100000000)
  eden space 66560K, 100% used [0x00000000e0000000,0x00000000e4100000,0x00000000e4100000)
  from space 5120K, 0% used [0x00000000e4100000,0x00000000e4100000,0x00000000e4600000)
  to   space 9728K, 0% used [0x00000000e8b80000,0x00000000e8b80000,0x00000000e9500000)
 ParOldGen       total 53248K, used 7829K [0x00000000a0000000, 0x00000000a3400000, 0x00000000e0000000)
  object space 53248K, 14% used [0x00000000a0000000,0x00000000a07a5420,0x00000000a3400000)
 Metaspace       used 26584K, capacity 27098K, committed 27392K, reserved 1073152K
  class space    used 3642K, capacity 3799K, committed 3840K, reserved 1048576K
Event: 14.516 GC heap after
Heap after GC invocations=7 (full 1):
 PSYoungGen      total 123392K, used 7609K [0x00000000e0000000, 0x00000000e9300000, 0x0000000100000000)
  eden space 115712K, 0% used [0x00000000e0000000,0x00000000e0000000,0x00000000e7100000)
  from space 7680K, 99% used [0x00000000e8b80000,0x00000000e92ee428,0x00000000e9300000)
  to   space 10240K, 0% used [0x00000000e7f00000,0x00000000e7f00000,0x00000000e8900000)
 ParOldGen       total 53248K, used 7837K [0x00000000a0000000, 0x00000000a3400000, 0x00000000e0000000)
  object space 53248K, 14% used [0x00000000a0000000,0x00000000a07a7420,0x00000000a3400000)
 Metaspace       used 26584K, capacity 27098K, committed 27392K, reserved 1073152K
  class space    used 3642K, capacity 3799K, committed 3840K, reserved 1048576K
}
Event: 31.308 GC heap before
{Heap before GC invocations=8 (full 1):
 PSYoungGen      total 123392K, used 100607K [0x00000000e0000000, 0x00000000e9300000, 0x0000000100000000)
  eden space 115712K, 80% used [0x00000000e0000000,0x00000000e5ad1a30,0x00000000e7100000)
  from space 7680K, 99% used [0x00000000e8b80000,0x00000000e92ee428,0x00000000e9300000)
  to   space 10240K, 0% used [0x00000000e7f00000,0x00000000e7f00000,0x00000000e8900000)
 ParOldGen       total 53248K, used 7837K [0x00000000a0000000, 0x00000000a3400000, 0x00000000e0000000)
  object space 53248K, 14% used [0x00000000a0000000,0x00000000a07a7420,0x00000000a3400000)
 Metaspace       used 34783K, capacity 35324K, committed 35416K, reserved 1079296K
  class space    used 4800K, capacity 5036K, committed 5120K, reserved 1048576K
Event: 31.336 GC heap after
Heap after GC invocations=8 (full 1):
 PSYoungGen      total 125952K, used 10210K [0x00000000e0000000, 0x00000000e9300000, 0x0000000100000000)
  eden space 115712K, 0% used [0x00000000e0000000,0x00000000e0000000,0x00000000e7100000)
  from space 10240K, 99% used [0x00000000e7f00000,0x00000000e88f8948,0x00000000e8900000)
  to   space 7680K, 0% used [0x00000000e8b80000,0x00000000e8b80000,0x00000000e9300000)
 ParOldGen       total 53248K, used 10870K [0x00000000a0000000, 0x00000000a3400000, 0x00000000e0000000)
  object space 53248K, 20% used [0x00000000a0000000,0x00000000a0a9d8d0,0x00000000a3400000)
 Metaspace       used 34783K, capacity 35324K, committed 35416K, reserved 1079296K
  class space    used 4800K, capacity 5036K, committed 5120K, reserved 1048576K
}
Event: 31.336 GC heap before
{Heap before GC invocations=9 (full 2):
 PSYoungGen      total 125952K, used 10210K [0x00000000e0000000, 0x00000000e9300000, 0x0000000100000000)
  eden space 115712K, 0% used [0x00000000e0000000,0x00000000e0000000,0x00000000e7100000)
  from space 10240K, 99% used [0x00000000e7f00000,0x00000000e88f8948,0x00000000e8900000)
  to   space 7680K, 0% used [0x00000000e8b80000,0x00000000e8b80000,0x00000000e9300000)
 ParOldGen       total 53248K, used 10870K [0x00000000a0000000, 0x00000000a3400000, 0x00000000e0000000)
  object space 53248K, 20% used [0x00000000a0000000,0x00000000a0a9d8d0,0x00000000a3400000)
 Metaspace       used 34783K, capacity 35324K, committed 35416K, reserved 1079296K
  class space    used 4800K, capacity 5036K, committed 5120K, reserved 1048576K
Event: 31.632 GC heap after
Heap after GC invocations=9 (full 2):
 PSYoungGen      total 125952K, used 0K [0x00000000e0000000, 0x00000000e9300000, 0x0000000100000000)
  eden space 115712K, 0% used [0x00000000e0000000,0x00000000e0000000,0x00000000e7100000)
  from space 10240K, 0% used [0x00000000e7f00000,0x00000000e7f00000,0x00000000e8900000)
  to   space 7680K, 0% used [0x00000000e8b80000,0x00000000e8b80000,0x00000000e9300000)
 ParOldGen       total 53248K, used 19469K [0x00000000a0000000, 0x00000000a3400000, 0x00000000e0000000)
  object space 53248K, 36% used [0x00000000a0000000,0x00000000a1303690,0x00000000a3400000)
 Metaspace       used 34783K, capacity 35324K, committed 35416K, reserved 1079296K
  class space    used 4800K, capacity 5036K, committed 5120K, reserved 1048576K
}

Deoptimization events (10 events):
Event: 21.614 Thread 0x00000000594a3000 Uncommon trap: reason=unstable_if action=reinterpret pc=0x0000000002815cec method=java.util.jar.JarFile.match([C[B[I[I)Z @ 29
Event: 25.541 Thread 0x00000000594a3000 Uncommon trap: reason=class_check action=maybe_recompile pc=0x0000000002e79180 method=java.io.BufferedInputStream.read1([BII)I @ 39
Event: 25.541 Thread 0x00000000594a3000 Uncommon trap: reason=class_check action=maybe_recompile pc=0x0000000002e79180 method=java.io.BufferedInputStream.read1([BII)I @ 39
Event: 25.541 Thread 0x00000000594a3000 Uncommon trap: reason=class_check action=maybe_recompile pc=0x0000000002e79180 method=java.io.BufferedInputStream.read1([BII)I @ 39
Event: 25.726 Thread 0x00000000594a3000 Uncommon trap: reason=unstable_if action=reinterpret pc=0x00000000029f60c0 method=java.util.regex.Pattern.has(I)Z @ 6
Event: 28.561 Thread 0x00000000594a3000 Uncommon trap: reason=predicate action=maybe_recompile pc=0x0000000002aa8190 method=java.util.Arrays.binarySearch0([Ljava/lang/Object;IILjava/lang/Object;Ljava/util/Comparator;)I @ 28
Event: 29.046 Thread 0x00000000594a3000 Uncommon trap: reason=unstable_if action=reinterpret pc=0x0000000002b7ec40 method=sun.misc.MetaIndex.mayContain(Ljava/lang/String;)Z @ 38
Event: 31.212 Thread 0x00000000594a3000 Uncommon trap: reason=bimorphic action=maybe_recompile pc=0x0000000002660a0c method=java.security.MessageDigest$Delegate.engineUpdate([BII)V @ 7
Event: 31.212 Thread 0x00000000594a3000 Uncommon trap: reason=bimorphic action=maybe_recompile pc=0x0000000002660a0c method=java.security.MessageDigest$Delegate.engineUpdate([BII)V @ 7
Event: 31.212 Thread 0x00000000594a3000 Uncommon trap: reason=class_check action=maybe_recompile pc=0x000000000271f090 method=sun.security.provider.DigestBase.engineUpdate([BII)V @ 128

Classes redefined (0 events):
No events

Internal exceptions (10 events):
Event: 24.605 Thread 0x00000000594a3000 Exception <a 'java/lang/ClassNotFoundException': org/gradle/api/internal/AbstractTaskCustomizer> (0x00000000e3f53cf8) thrown at [D:\src\AOSP-openjdk-cygwin\jdk8u\hotspot\src\share\vm\classfile\systemDictionary.cpp, line 210]
Event: 24.611 Thread 0x00000000594a3000 Exception <a 'java/lang/ClassNotFoundException': org/gradle/api/DefaultTaskCustomizer> (0x00000000e3fdc4e8) thrown at [D:\src\AOSP-openjdk-cygwin\jdk8u\hotspot\src\share\vm\classfile\systemDictionary.cpp, line 210]
Event: 24.612 Thread 0x00000000594a3000 Exception <a 'java/lang/ClassNotFoundException': org/gradle/api/internal/ConventionTaskCustomizer> (0x00000000e4074b48) thrown at [D:\src\AOSP-openjdk-cygwin\jdk8u\hotspot\src\share\vm\classfile\systemDictionary.cpp, line 210]
Event: 24.616 Thread 0x00000000594a3000 Exception <a 'java/lang/ClassNotFoundException': org/gradle/api/tasks/DeleteCustomizer> (0x00000000e40acdc8) thrown at [D:\src\AOSP-openjdk-cygwin\jdk8u\hotspot\src\share\vm\classfile\systemDictionary.cpp, line 210]
Event: 24.619 Thread 0x00000000594a3000 Exception <a 'java/lang/ClassNotFoundException': org/gradle/api/tasks/Delete_DecoratedCustomizer> (0x00000000e40f2e08) thrown at [D:\src\AOSP-openjdk-cygwin\jdk8u\hotspot\src\share\vm\classfile\systemDictionary.cpp, line 210]
Event: 24.933 Thread 0x00000000594a3000 Exception <a 'java/lang/ClassNotFoundException': build_cu33keq8ofn8byh1aakkneadhBeanInfo> (0x00000000e4202a78) thrown at [D:\src\AOSP-openjdk-cygwin\jdk8u\hotspot\src\share\vm\classfile\systemDictionary.cpp, line 210]
Event: 24.934 Thread 0x00000000594a3000 Exception <a 'java/lang/ClassNotFoundException': build_cu33keq8ofn8byh1aakkneadhCustomizer> (0x00000000e420cf88) thrown at [D:\src\AOSP-openjdk-cygwin\jdk8u\hotspot\src\share\vm\classfile\systemDictionary.cpp, line 210]
Event: 24.942 Thread 0x00000000594a3000 Exception <a 'java/lang/ClassNotFoundException': org/gradle/api/internal/plugins/DefaultObjectConfigurationActionBeanInfo> (0x00000000e4298e28) thrown at [D:\src\AOSP-openjdk-cygwin\jdk8u\hotspot\src\share\vm\classfile\systemDictionary.cpp, line 210]
Event: 24.943 Thread 0x00000000594a3000 Exception <a 'java/lang/ClassNotFoundException': org/gradle/api/internal/plugins/DefaultObjectConfigurationActionCustomizer> (0x00000000e42d03a8) thrown at [D:\src\AOSP-openjdk-cygwin\jdk8u\hotspot\src\share\vm\classfile\systemDictionary.cpp, line 210]
Event: 30.677 Thread 0x00000000594a3000 Exception <a 'sun/nio/fs/WindowsException'> (0x00000000e52948e8) thrown at [D:\src\AOSP-openjdk-cygwin\jdk8u\hotspot\src\share\vm\prims\jni.cpp, line 709]

Events (10 events):
Event: 32.253 loading class com/google/protobuf/ProtocolMessageEnum
Event: 32.253 loading class com/google/protobuf/ProtocolMessageEnum done
Event: 32.253 loading class com/google/protobuf/Internal$EnumLite
Event: 32.253 loading class com/google/protobuf/Internal$EnumLite done
Event: 32.254 loading class com/google/protobuf/Internal$EnumLiteMap
Event: 32.254 loading class com/google/protobuf/Internal$EnumLiteMap done
Event: 32.255 loading class com/google/wireless/android/sdk/stats/GradleBuildProject$PluginType$1
Event: 32.255 loading class com/google/wireless/android/sdk/stats/GradleBuildProject$PluginType$1 done
Event: 32.266 loading class com/google/wireless/android/sdk/stats/GradleBuildProject$PluginGeneration
Event: 32.266 loading class com/google/wireless/android/sdk/stats/GradleBuildProject$PluginGeneration done


Dynamic libraries:
0x000000013fff0000 - 0x0000000140021000 	C:\Program Files\Android\Android Studio\jre\bin\java.exe
0x0000000077a60000 - 0x0000000077c09000 	C:\Windows\SYSTEM32\ntdll.dll
0x000007fef3c10000 - 0x000007fef3c44000 	C:\Program Files\AVAST Software\Avast\x64\aswhooka.dll
0x0000000077940000 - 0x0000000077a5f000 	C:\Windows\system32\kernel32.dll
0x000007fefdb00000 - 0x000007fefdb6b000 	C:\Windows\system32\KERNELBASE.dll
0x000007fefe500000 - 0x000007fefe5db000 	C:\Windows\system32\ADVAPI32.dll
0x000007feffac0000 - 0x000007feffb5f000 	C:\Windows\system32\msvcrt.dll
0x000007feffa30000 - 0x000007feffa4f000 	C:\Windows\SYSTEM32\sechost.dll
0x000007fefe2a0000 - 0x000007fefe3cd000 	C:\Windows\system32\RPCRT4.dll
0x0000000077840000 - 0x000000007793a000 	C:\Windows\system32\USER32.dll
0x000007feffa50000 - 0x000007feffab7000 	C:\Windows\system32\GDI32.dll
0x000007feffc70000 - 0x000007feffc7e000 	C:\Windows\system32\LPK.dll
0x000007fefe5e0000 - 0x000007fefe6a9000 	C:\Windows\system32\USP10.dll
0x000007fefc480000 - 0x000007fefc674000 	C:\Windows\WinSxS\amd64_microsoft.windows.common-controls_6595b64144ccf1df_6.0.7601.17514_none_fa396087175ac9ac\COMCTL32.dll
0x000007fefe920000 - 0x000007fefe991000 	C:\Windows\system32\SHLWAPI.dll
0x000007fefe080000 - 0x000007fefe0ae000 	C:\Windows\system32\IMM32.DLL
0x000007feffb60000 - 0x000007feffc69000 	C:\Windows\system32\MSCTF.dll
0x0000000071260000 - 0x0000000071332000 	C:\Program Files\Android\Android Studio\jre\jre\bin\msvcr100.dll
0x0000000060b20000 - 0x000000006135f000 	C:\Program Files\Android\Android Studio\jre\jre\bin\server\jvm.dll
0x000007fef3240000 - 0x000007fef3249000 	C:\Windows\system32\WSOCK32.dll
0x000007fefe0b0000 - 0x000007fefe0fd000 	C:\Windows\system32\WS2_32.dll
0x000007feffd60000 - 0x000007feffd68000 	C:\Windows\system32\NSI.dll
0x000007fefc030000 - 0x000007fefc06b000 	C:\Windows\system32\WINMM.dll
0x000007fefcb10000 - 0x000007fefcb1c000 	C:\Windows\system32\VERSION.dll
0x0000000077c30000 - 0x0000000077c37000 	C:\Windows\system32\PSAPI.DLL
0x000007feeb810000 - 0x000007feeb81f000 	C:\Program Files\Android\Android Studio\jre\jre\bin\verify.dll
0x000007fee9c40000 - 0x000007fee9c69000 	C:\Program Files\Android\Android Studio\jre\jre\bin\java.dll
0x000007fee9c80000 - 0x000007fee9c96000 	C:\Program Files\Android\Android Studio\jre\jre\bin\zip.dll
0x000007fefec00000 - 0x000007feff988000 	C:\Windows\system32\SHELL32.dll
0x000007fefe710000 - 0x000007fefe913000 	C:\Windows\system32\ole32.dll
0x000007fefd9b0000 - 0x000007fefd9bf000 	C:\Windows\system32\profapi.dll
0x000007fee9c20000 - 0x000007fee9c3a000 	C:\Program Files\Android\Android Studio\jre\jre\bin\net.dll
0x000007fefd1e0000 - 0x000007fefd235000 	C:\Windows\system32\mswsock.dll
0x000007fefd1d0000 - 0x000007fefd1d7000 	C:\Windows\System32\wship6.dll
0x000007fee9c00000 - 0x000007fee9c11000 	C:\Program Files\Android\Android Studio\jre\jre\bin\nio.dll
0x000007fee8d20000 - 0x000007fee8d3e000 	C:\Users\pakistan\.gradle\native\25\windows-amd64\native-platform.dll
0x000007fee9530000 - 0x000007fee953d000 	C:\Program Files\Android\Android Studio\jre\jre\bin\management.dll
0x000007fefd240000 - 0x000007fefd257000 	C:\Windows\system32\CRYPTSP.dll
0x000007fefcf40000 - 0x000007fefcf87000 	C:\Windows\system32\rsaenh.dll
0x000007fefccf0000 - 0x000007fefcd0e000 	C:\Windows\system32\USERENV.dll
0x000007fefd840000 - 0x000007fefd84f000 	C:\Windows\system32\CRYPTBASE.dll
0x000007fefb040000 - 0x000007fefb067000 	C:\Windows\system32\IPHLPAPI.DLL
0x000007fefb5a0000 - 0x000007fefb5ab000 	C:\Windows\system32\WINNSI.DLL
0x000007fefae60000 - 0x000007fefae78000 	C:\Windows\system32\dhcpcsvc.DLL
0x000007fefa960000 - 0x000007fefa971000 	C:\Windows\system32\dhcpcsvc6.DLL

VM Arguments:
jvm_args: -Xmx1536m -Dfile.encoding=windows-1252 -Duser.country=US -Duser.language=en -Duser.variant 
java_command: org.gradle.launcher.daemon.bootstrap.GradleDaemon 4.4
java_class_path (initial): C:\Users\pakistan\.gradle\wrapper\dists\gradle-4.4-all\9br9xq1tocpiv8o6njlyu5op1\gradle-4.4\lib\gradle-launcher-4.4.jar
Launcher Type: SUN_STANDARD

Environment Variables:
JAVA_HOME=C:\Program Files\Java\jdk1.8.0_77
PATH=C:\Program Files (x86)\Common Files\Oracle\Java\javapath;C:\ProgramData\Oracle\Java\javapath;C:\Windows\system32;C:\Windows;C:\Windows\System32\Wbem;C:\Windows\System32\WindowsPowerShell\v1.0\;C:\Program Files (x86)\Yarn\bin\;C:\Program Files\nodejs\;C:\Program Files\Microsoft VS Code\bin;C:\Program Files\Git\cmd;c:\Program Files (x86)\Microsoft SQL Server\100\Tools\Binn\VSShell\Common7\IDE\;c:\Program Files (x86)\Microsoft SQL Server\100\Tools\Binn\;c:\Program Files (x86)\Microsoft SQL Server\100\DTS\Binn\;c:\Program Files\Microsoft SQL Server\100\Tools\Binn\;c:\Program Files\Microsoft SQL Server\100\DTS\Binn\;C:\Program Files (x86)\Windows Kits\8.1\Windows Performance Toolkit\;C:\Program Files\Microsoft SQL Server\110\Tools\Binn\;C:\Program Files\Microsoft VS Code\bin;C:\Users\pakistan\AppData\Local\Android\sdk\platform-tools;C:\Users\pakistan\AppData\Local\Yarn\bin;C:\Users\pakistan\AppData\Roaming\npm
USERNAME=pakistan
OS=Windows_NT
PROCESSOR_IDENTIFIER=Intel64 Family 6 Model 58 Stepping 9, GenuineIntel



---------------  S Y S T E M  ---------------

OS: Windows 7 , 64 bit Build 7601 (6.1.7601.17514)

CPU:total 4 (initial active 4) (2 cores per cpu, 2 threads per core) family 6 model 58 stepping 9, cmov, cx8, fxsr, mmx, sse, sse2, sse3, ssse3, sse4.1, sse4.2, popcnt, avx, aes, clmul, erms, ht, tsc, tscinvbit, tscinv

Memory: 4k page, physical 8272180k(1909436k free), swap 8270336k(7772k free)

vm_info: OpenJDK 64-Bit Server VM (25.152-b02) for windows-amd64 JRE (1.8.0_152-release-1024-b02), built by "builder" with MS VC++ 10.0 (VS2010)

time: Wed Aug 15 21:00:47 2018
elapsed time: 32 seconds (0d 0h 0m 32s)

