#
# There is insufficient memory for the Java Runtime Environment to continue.
# Native memory allocation (malloc) failed to allocate 1041056 bytes for Chunk::new
# Possible reasons:
#   The system is out of physical RAM or swap space
#   In 32 bit mode, the process size limit was hit
# Possible solutions:
#   Reduce memory load on the system
#   Increase physical memory or swap space
#   Check if swap backing store is full
#   Use 64 bit Java on a 64 bit OS
#   Decrease Java heap size (-Xmx/-Xms)
#   Decrease number of Java threads
#   Decrease Java thread stack sizes (-Xss)
#   Set larger code cache with -XX:ReservedCodeCacheSize=
# This output file may be truncated or incomplete.
#
#  Out of Memory Error (allocation.cpp:390), pid=6160, tid=0x0000000000001efc
#
# JRE version: OpenJDK Runtime Environment (8.0_152-b02) (build 1.8.0_152-release-1024-b02)
# Java VM: OpenJDK 64-Bit Server VM (25.152-b02 mixed mode windows-amd64 compressed oops)
# Failed to write core dump. Minidumps are not enabled by default on client versions of Windows
#

---------------  T H R E A D  ---------------

Current thread (0x0000000057536000):  JavaThread "C2 CompilerThread0" daemon [_thread_in_native, id=7932, stack(0x0000000057b70000,0x0000000057c70000)]

Stack: [0x0000000057b70000,0x0000000057c70000]
[error occurred during error reporting (printing stack bounds), id 0xc0000005]

Native frames: (J=compiled Java code, j=interpreted, Vv=VM code, C=native code)


Current CompileTask:
C2:  13549 5624       4       org.jetbrains.kotlin.load.kotlin.TypeSignatureMappingKt::mapType (809 bytes)


---------------  P R O C E S S  ---------------

Java Threads: ( => current thread )
  0x00000000587a0000 JavaThread "RMI RenewClean-[localhost:18447,org.jetbrains.kotlin.daemon.common.LoopbackNetworkInterface$ClientLoopbackSocketFactory@3558b9f]" daemon [_thread_blocked, id=3668, stack(0x0000000059ae0000,0x0000000059be0000)]
  0x0000000058763000 JavaThread "RMI TCP Connection(2)-127.0.0.1" daemon [_thread_in_native, id=5448, stack(0x00000000598e0000,0x00000000599e0000)]
  0x0000000058760000 JavaThread "RMI Scheduler(0)" daemon [_thread_blocked, id=6880, stack(0x00000000597d0000,0x00000000598d0000)]
  0x0000000058758000 JavaThread "RMI TCP Connection(1)-127.0.0.1" daemon [_thread_in_native, id=5728, stack(0x0000000058d20000,0x0000000058e20000)]
  0x000000000036f800 JavaThread "DestroyJavaVM" [_thread_blocked, id=7060, stack(0x0000000001f80000,0x0000000002080000)]
  0x0000000058769800 JavaThread "GC Daemon" daemon [_thread_blocked, id=7464, stack(0x00000000592a0000,0x00000000593a0000)]
  0x000000005873b000 JavaThread "RMI Reaper" [_thread_blocked, id=8128, stack(0x00000000593a0000,0x00000000594a0000)]
  0x0000000058626000 JavaThread "Timer-0" daemon [_thread_blocked, id=5528, stack(0x0000000058f70000,0x0000000059070000)]
  0x0000000058731800 JavaThread "RMI TCP Accept-17957" daemon [_thread_in_native, id=5508, stack(0x0000000058e40000,0x0000000058f40000)]
  0x00000000575a2000 JavaThread "Service Thread" daemon [_thread_blocked, id=4924, stack(0x0000000058050000,0x0000000058150000)]
  0x000000005607b000 JavaThread "C1 CompilerThread2" daemon [_thread_blocked, id=6736, stack(0x0000000057de0000,0x0000000057ee0000)]
  0x000000005753b000 JavaThread "C2 CompilerThread1" daemon [_thread_blocked, id=5956, stack(0x0000000057cc0000,0x0000000057dc0000)]
=>0x0000000057536000 JavaThread "C2 CompilerThread0" daemon [_thread_in_native, id=7932, stack(0x0000000057b70000,0x0000000057c70000)]
  0x0000000057530800 JavaThread "Attach Listener" daemon [_thread_blocked, id=5424, stack(0x0000000057a40000,0x0000000057b40000)]
  0x000000005607a000 JavaThread "Signal Dispatcher" daemon [_thread_blocked, id=7048, stack(0x0000000056fc0000,0x00000000570c0000)]
  0x0000000056060000 JavaThread "Finalizer" daemon [_thread_blocked, id=832, stack(0x0000000057430000,0x0000000057530000)]
  0x0000000056019000 JavaThread "Reference Handler" daemon [_thread_blocked, id=8140, stack(0x00000000572c0000,0x00000000573c0000)]

Other Threads:
  0x000000005600d800 VMThread [stack: 0x0000000057130000,0x0000000057230000] [id=4896]
  0x00000000575a3000 WatcherThread [stack: 0x00000000581c0000,0x00000000582c0000] [id=7204]

VM state:not at safepoint (normal execution)

VM Mutex/Monitor currently owned by a thread: None

Heap:
 PSYoungGen      total 90112K, used 75781K [0x00000000e0000000, 0x00000000e7400000, 0x0000000100000000)
  eden space 73216K, 80% used [0x00000000e0000000,0x00000000e3986ea0,0x00000000e4780000)
  from space 16896K, 99% used [0x00000000e5c00000,0x00000000e6c7a950,0x00000000e6c80000)
  to   space 20992K, 0% used [0x00000000e4780000,0x00000000e4780000,0x00000000e5c00000)
 ParOldGen       total 110080K, used 17456K [0x00000000a0000000, 0x00000000a6b80000, 0x00000000e0000000)
  object space 110080K, 15% used [0x00000000a0000000,0x00000000a110c030,0x00000000a6b80000)
 Metaspace       used 50522K, capacity 51339K, committed 51712K, reserved 1095680K
  class space    used 6203K, capacity 6397K, committed 6400K, reserved 1048576K

Card table byte_map: [0x0000000011710000,0x0000000011a20000] byte_map_base: 0x0000000011210000

Marking Bits: (ParMarkBitMap*) 0x00000000612e4970
 Begin Bits: [0x0000000012380000, 0x0000000013b80000)
 End Bits:   [0x0000000013b80000, 0x0000000015380000)

Polling page: 0x0000000000230000

CodeCache: size=245760Kb used=17245Kb max_used=17267Kb free=228514Kb
 bounds [0x0000000002350000, 0x0000000003450000, 0x0000000011350000]
 total_blobs=5990 nmethods=5480 adapters=422
 compilation: enabled

Compilation events (10 events):
Event: 13.315 Thread 0x000000005607b000 5838       3       org.jetbrains.kotlin.com.intellij.util.io.PagedFileStorage::getInt (56 bytes)
Event: 13.316 Thread 0x000000005607b000 nmethod 5838 0x00000000027ab9d0 code [0x00000000027abb80, 0x00000000027ac048]
Event: 13.319 Thread 0x000000005607b000 5839       1       java.util.TreeMap::access$100 (5 bytes)
Event: 13.319 Thread 0x000000005607b000 nmethod 5839 0x0000000002725310 code [0x0000000002725460, 0x0000000002725550]
Event: 13.320 Thread 0x000000005607b000 5840       3       java.io.ObjectOutputStream$BlockDataOutputStream::writeByte (33 bytes)
Event: 13.320 Thread 0x000000005607b000 nmethod 5840 0x00000000027bbb10 code [0x00000000027bbc80, 0x00000000027bbea8]
Event: 13.322 Thread 0x000000005607b000 5841       3       java.io.BufferedInputStream::read1 (108 bytes)
Event: 13.323 Thread 0x000000005607b000 nmethod 5841 0x00000000024fa6d0 code [0x00000000024fa8e0, 0x00000000024fb1b8]
Event: 13.323 Thread 0x000000005607b000 5842       3       sun.rmi.runtime.Log$LoggerLog::isLoggable (9 bytes)
Event: 13.323 Thread 0x000000005607b000 nmethod 5842 0x00000000027ab410 code [0x00000000027ab580, 0x00000000027ab8d0]

GC Heap History (10 events):
Event: 7.120 GC heap before
{Heap before GC invocations=7 (full 2):
 PSYoungGen      total 50688K, used 50682K [0x00000000e0000000, 0x00000000e4b00000, 0x0000000100000000)
  eden space 45568K, 100% used [0x00000000e0000000,0x00000000e2c80000,0x00000000e2c80000)
  from space 5120K, 99% used [0x00000000e4600000,0x00000000e4afeb90,0x00000000e4b00000)
  to   space 5120K, 0% used [0x00000000e4100000,0x00000000e4100000,0x00000000e4600000)
 ParOldGen       total 69120K, used 12483K [0x00000000a0000000, 0x00000000a4380000, 0x00000000e0000000)
  object space 69120K, 18% used [0x00000000a0000000,0x00000000a0c30c40,0x00000000a4380000)
 Metaspace       used 33281K, capacity 33708K, committed 34048K, reserved 1079296K
  class space    used 4226K, capacity 4348K, committed 4352K, reserved 1048576K
Event: 7.162 GC heap after
Heap after GC invocations=7 (full 2):
 PSYoungGen      total 71680K, used 5117K [0x00000000e0000000, 0x00000000e4b80000, 0x0000000100000000)
  eden space 66560K, 0% used [0x00000000e0000000,0x00000000e0000000,0x00000000e4100000)
  from space 5120K, 99% used [0x00000000e4100000,0x00000000e45ff508,0x00000000e4600000)
  to   space 5120K, 0% used [0x00000000e4680000,0x00000000e4680000,0x00000000e4b80000)
 ParOldGen       total 69120K, used 23809K [0x00000000a0000000, 0x00000000a4380000, 0x00000000e0000000)
  object space 69120K, 34% used [0x00000000a0000000,0x00000000a1740538,0x00000000a4380000)
 Metaspace       used 33281K, capacity 33708K, committed 34048K, reserved 1079296K
  class space    used 4226K, capacity 4348K, committed 4352K, reserved 1048576K
}
Event: 7.682 GC heap before
{Heap before GC invocations=8 (full 2):
 PSYoungGen      total 71680K, used 15655K [0x00000000e0000000, 0x00000000e4b80000, 0x0000000100000000)
  eden space 66560K, 15% used [0x00000000e0000000,0x00000000e0a4a988,0x00000000e4100000)
  from space 5120K, 99% used [0x00000000e4100000,0x00000000e45ff508,0x00000000e4600000)
  to   space 5120K, 0% used [0x00000000e4680000,0x00000000e4680000,0x00000000e4b80000)
 ParOldGen       total 69120K, used 23809K [0x00000000a0000000, 0x00000000a4380000, 0x00000000e0000000)
  object space 69120K, 34% used [0x00000000a0000000,0x00000000a1740538,0x00000000a4380000)
 Metaspace       used 34642K, capacity 35166K, committed 35496K, reserved 1081344K
  class space    used 4383K, capacity 4525K, committed 4608K, reserved 1048576K
Event: 7.702 GC heap after
Heap after GC invocations=8 (full 2):
 PSYoungGen      total 61440K, used 5117K [0x00000000e0000000, 0x00000000e8200000, 0x0000000100000000)
  eden space 56320K, 0% used [0x00000000e0000000,0x00000000e0000000,0x00000000e3700000)
  from space 5120K, 99% used [0x00000000e4680000,0x00000000e4b7f508,0x00000000e4b80000)
  to   space 15872K, 0% used [0x00000000e3700000,0x00000000e3700000,0x00000000e4680000)
 ParOldGen       total 69120K, used 25700K [0x00000000a0000000, 0x00000000a4380000, 0x00000000e0000000)
  object space 69120K, 37% used [0x00000000a0000000,0x00000000a1919278,0x00000000a4380000)
 Metaspace       used 34642K, capacity 35166K, committed 35496K, reserved 1081344K
  class space    used 4383K, capacity 4525K, committed 4608K, reserved 1048576K
}
Event: 7.702 GC heap before
{Heap before GC invocations=9 (full 3):
 PSYoungGen      total 61440K, used 5117K [0x00000000e0000000, 0x00000000e8200000, 0x0000000100000000)
  eden space 56320K, 0% used [0x00000000e0000000,0x00000000e0000000,0x00000000e3700000)
  from space 5120K, 99% used [0x00000000e4680000,0x00000000e4b7f508,0x00000000e4b80000)
  to   space 15872K, 0% used [0x00000000e3700000,0x00000000e3700000,0x00000000e4680000)
 ParOldGen       total 69120K, used 25700K [0x00000000a0000000, 0x00000000a4380000, 0x00000000e0000000)
  object space 69120K, 37% used [0x00000000a0000000,0x00000000a1919278,0x00000000a4380000)
 Metaspace       used 34642K, capacity 35166K, committed 35496K, reserved 1081344K
  class space    used 4383K, capacity 4525K, committed 4608K, reserved 1048576K
Event: 7.856 GC heap after
Heap after GC invocations=9 (full 3):
 PSYoungGen      total 61440K, used 0K [0x00000000e0000000, 0x00000000e8200000, 0x0000000100000000)
  eden space 56320K, 0% used [0x00000000e0000000,0x00000000e0000000,0x00000000e3700000)
  from space 5120K, 0% used [0x00000000e4680000,0x00000000e4680000,0x00000000e4b80000)
  to   space 15872K, 0% used [0x00000000e3700000,0x00000000e3700000,0x00000000e4680000)
 ParOldGen       total 110080K, used 14239K [0x00000000a0000000, 0x00000000a6b80000, 0x00000000e0000000)
  object space 110080K, 12% used [0x00000000a0000000,0x00000000a0de7e78,0x00000000a6b80000)
 Metaspace       used 34642K, capacity 35166K, committed 35496K, reserved 1081344K
  class space    used 4383K, capacity 4525K, committed 4608K, reserved 1048576K
}
Event: 10.015 GC heap before
{Heap before GC invocations=10 (full 3):
 PSYoungGen      total 61440K, used 56320K [0x00000000e0000000, 0x00000000e8200000, 0x0000000100000000)
  eden space 56320K, 100% used [0x00000000e0000000,0x00000000e3700000,0x00000000e3700000)
  from space 5120K, 0% used [0x00000000e4680000,0x00000000e4680000,0x00000000e4b80000)
  to   space 15872K, 0% used [0x00000000e3700000,0x00000000e3700000,0x00000000e4680000)
 ParOldGen       total 110080K, used 14239K [0x00000000a0000000, 0x00000000a6b80000, 0x00000000e0000000)
  object space 110080K, 12% used [0x00000000a0000000,0x00000000a0de7e78,0x00000000a6b80000)
 Metaspace       used 38435K, capacity 39046K, committed 39552K, reserved 1083392K
  class space    used 4816K, capacity 4957K, committed 4992K, reserved 1048576K
Event: 10.031 GC heap after
Heap after GC invocations=10 (full 3):
 PSYoungGen      total 72192K, used 11796K [0x00000000e0000000, 0x00000000e6c80000, 0x0000000100000000)
  eden space 56320K, 0% used [0x00000000e0000000,0x00000000e0000000,0x00000000e3700000)
  from space 15872K, 74% used [0x00000000e3700000,0x00000000e4285198,0x00000000e4680000)
  to   space 16896K, 0% used [0x00000000e5c00000,0x00000000e5c00000,0x00000000e6c80000)
 ParOldGen       total 110080K, used 14247K [0x00000000a0000000, 0x00000000a6b80000, 0x00000000e0000000)
  object space 110080K, 12% used [0x00000000a0000000,0x00000000a0de9e78,0x00000000a6b80000)
 Metaspace       used 38435K, capacity 39046K, committed 39552K, reserved 1083392K
  class space    used 4816K, capacity 4957K, committed 4992K, reserved 1048576K
}
Event: 11.814 GC heap before
{Heap before GC invocations=11 (full 3):
 PSYoungGen      total 72192K, used 68116K [0x00000000e0000000, 0x00000000e6c80000, 0x0000000100000000)
  eden space 56320K, 100% used [0x00000000e0000000,0x00000000e3700000,0x00000000e3700000)
  from space 15872K, 74% used [0x00000000e3700000,0x00000000e4285198,0x00000000e4680000)
  to   space 16896K, 0% used [0x00000000e5c00000,0x00000000e5c00000,0x00000000e6c80000)
 ParOldGen       total 110080K, used 14247K [0x00000000a0000000, 0x00000000a6b80000, 0x00000000e0000000)
  object space 110080K, 12% used [0x00000000a0000000,0x00000000a0de9e78,0x00000000a6b80000)
 Metaspace       used 43103K, capacity 43775K, committed 44288K, reserved 1087488K
  class space    used 5397K, capacity 5547K, committed 5632K, reserved 1048576K
Event: 11.845 GC heap after
Heap after GC invocations=11 (full 3):
 PSYoungGen      total 90112K, used 16874K [0x00000000e0000000, 0x00000000e7400000, 0x0000000100000000)
  eden space 73216K, 0% used [0x00000000e0000000,0x00000000e0000000,0x00000000e4780000)
  from space 16896K, 99% used [0x00000000e5c00000,0x00000000e6c7a950,0x00000000e6c80000)
  to   space 20992K, 0% used [0x00000000e4780000,0x00000000e4780000,0x00000000e5c00000)
 ParOldGen       total 110080K, used 17456K [0x00000000a0000000, 0x00000000a6b80000, 0x00000000e0000000)
  object space 110080K, 15% used [0x00000000a0000000,0x00000000a110c030,0x00000000a6b80000)
 Metaspace       used 43103K, capacity 43775K, committed 44288K, reserved 1087488K
  class space    used 5397K, capacity 5547K, committed 5632K, reserved 1048576K
}

Deoptimization events (10 events):
Event: 13.187 Thread 0x0000000058763000 Uncommon trap: reason=class_check action=maybe_recompile pc=0x0000000002c066fc method=org.jetbrains.kotlin.gnu.trove.THashIterator.nextIndex()I @ 8
Event: 13.187 Thread 0x0000000058763000 Uncommon trap: reason=class_check action=maybe_recompile pc=0x0000000002c0a638 method=org.jetbrains.kotlin.gnu.trove.THashIterator.nextIndex()I @ 8
Event: 13.200 Thread 0x0000000058763000 Uncommon trap: reason=class_check action=maybe_recompile pc=0x000000000343a608 method=java.io.DataOutputStream.writeUTF(Ljava/lang/String;Ljava/io/DataOutput;)I @ 111
Event: 13.201 Thread 0x0000000058763000 Uncommon trap: reason=class_check action=maybe_recompile pc=0x0000000002c066fc method=org.jetbrains.kotlin.gnu.trove.THashIterator.nextIndex()I @ 8
Event: 13.253 Thread 0x0000000058763000 Uncommon trap: reason=class_check action=maybe_recompile pc=0x000000000343a608 method=java.io.DataOutputStream.writeUTF(Ljava/lang/String;Ljava/io/DataOutput;)I @ 111
Event: 13.253 Thread 0x0000000058763000 Uncommon trap: reason=class_check action=maybe_recompile pc=0x000000000343a608 method=java.io.DataOutputStream.writeUTF(Ljava/lang/String;Ljava/io/DataOutput;)I @ 111
Event: 13.253 Thread 0x0000000058763000 Uncommon trap: reason=class_check action=maybe_recompile pc=0x000000000343a608 method=java.io.DataOutputStream.writeUTF(Ljava/lang/String;Ljava/io/DataOutput;)I @ 111
Event: 13.263 Thread 0x0000000058763000 Uncommon trap: reason=unstable_if action=reinterpret pc=0x0000000002ceed64 method=org.jetbrains.kotlin.protobuf.GeneratedMessageLite$ExtendableMessage$ExtensionWriter.writeUntil(ILorg/jetbrains/kotlin/protobuf/CodedOutputStream;)V @ 109
Event: 13.264 Thread 0x0000000058763000 Uncommon trap: reason=unstable_if action=reinterpret pc=0x0000000002b7d044 method=org.jetbrains.kotlin.protobuf.ByteString.copyTo([BIII)V @ 210
Event: 13.264 Thread 0x0000000058763000 Uncommon trap: reason=unstable_if action=reinterpret pc=0x0000000002b7a8cc method=org.jetbrains.kotlin.protobuf.ByteString.copyTo([BIII)V @ 210

Classes redefined (0 events):
No events

Internal exceptions (10 events):
Event: 13.233 Thread 0x0000000058763000 Exception <a 'sun/nio/fs/WindowsException'> (0x00000000e373b298) thrown at [D:\src\AOSP-openjdk-cygwin\jdk8u\hotspot\src\share\vm\prims\jni.cpp, line 709]
Event: 13.233 Thread 0x0000000058763000 Exception <a 'java/lang/reflect/InvocationTargetException'> (0x00000000e373be90) thrown at [D:\src\AOSP-openjdk-cygwin\jdk8u\hotspot\src\share\vm\runtime\reflection.cpp, line 1092]
Event: 13.238 Thread 0x0000000058763000 Exception <a 'sun/nio/fs/WindowsException'> (0x00000000e374c8d8) thrown at [D:\src\AOSP-openjdk-cygwin\jdk8u\hotspot\src\share\vm\prims\jni.cpp, line 709]
Event: 13.238 Thread 0x0000000058763000 Exception <a 'java/lang/reflect/InvocationTargetException'> (0x00000000e374d4d0) thrown at [D:\src\AOSP-openjdk-cygwin\jdk8u\hotspot\src\share\vm\runtime\reflection.cpp, line 1092]
Event: 13.243 Thread 0x0000000058763000 Exception <a 'sun/nio/fs/WindowsException'> (0x00000000e3762b90) thrown at [D:\src\AOSP-openjdk-cygwin\jdk8u\hotspot\src\share\vm\prims\jni.cpp, line 709]
Event: 13.243 Thread 0x0000000058763000 Exception <a 'java/lang/reflect/InvocationTargetException'> (0x00000000e3763788) thrown at [D:\src\AOSP-openjdk-cygwin\jdk8u\hotspot\src\share\vm\runtime\reflection.cpp, line 1092]
Event: 13.250 Thread 0x0000000058763000 Exception <a 'sun/nio/fs/WindowsException'> (0x00000000e377ee88) thrown at [D:\src\AOSP-openjdk-cygwin\jdk8u\hotspot\src\share\vm\prims\jni.cpp, line 709]
Event: 13.250 Thread 0x0000000058763000 Exception <a 'java/lang/reflect/InvocationTargetException'> (0x00000000e377fa80) thrown at [D:\src\AOSP-openjdk-cygwin\jdk8u\hotspot\src\share\vm\runtime\reflection.cpp, line 1092]
Event: 13.260 Thread 0x0000000058763000 Exception <a 'sun/nio/fs/WindowsException'> (0x00000000e37c78f8) thrown at [D:\src\AOSP-openjdk-cygwin\jdk8u\hotspot\src\share\vm\prims\jni.cpp, line 709]
Event: 13.260 Thread 0x0000000058763000 Exception <a 'java/lang/reflect/InvocationTargetException'> (0x00000000e37c84f0) thrown at [D:\src\AOSP-openjdk-cygwin\jdk8u\hotspot\src\share\vm\runtime\reflection.cpp, line 1092]

Events (10 events):
Event: 13.284 loading class org/jetbrains/kotlin/com/intellij/util/io/PagedFileStorage$StorageLock$2
Event: 13.284 loading class org/jetbrains/kotlin/com/intellij/util/io/PagedFileStorage$StorageLock$2 done
Event: 13.285 loading class java/util/TreeMap$Values
Event: 13.285 loading class java/util/TreeMap$Values done
Event: 13.285 loading class java/util/TreeMap$ValueIterator
Event: 13.285 loading class java/util/TreeMap$ValueIterator done
Event: 13.287 loading class java/util/TreeMap$KeySet
Event: 13.287 loading class java/util/TreeMap$KeySet done
Event: 13.287 loading class java/util/TreeMap$KeyIterator
Event: 13.287 loading class java/util/TreeMap$KeyIterator done


Dynamic libraries:
0x000000013f290000 - 0x000000013f2c1000 	C:\Program Files\Android\Android Studio\jre\jre\bin\java.exe
0x0000000077a60000 - 0x0000000077c09000 	C:\Windows\SYSTEM32\ntdll.dll
0x000007fef3c10000 - 0x000007fef3c44000 	C:\Program Files\AVAST Software\Avast\x64\aswhooka.dll
0x0000000077940000 - 0x0000000077a5f000 	C:\Windows\system32\kernel32.dll
0x000007fefdb00000 - 0x000007fefdb6b000 	C:\Windows\system32\KERNELBASE.dll
0x000007fefe500000 - 0x000007fefe5db000 	C:\Windows\system32\ADVAPI32.dll
0x000007feffac0000 - 0x000007feffb5f000 	C:\Windows\system32\msvcrt.dll
0x000007feffa30000 - 0x000007feffa4f000 	C:\Windows\SYSTEM32\sechost.dll
0x000007fefe2a0000 - 0x000007fefe3cd000 	C:\Windows\system32\RPCRT4.dll
0x0000000077840000 - 0x000000007793a000 	C:\Windows\system32\USER32.dll
0x000007feffa50000 - 0x000007feffab7000 	C:\Windows\system32\GDI32.dll
0x000007feffc70000 - 0x000007feffc7e000 	C:\Windows\system32\LPK.dll
0x000007fefe5e0000 - 0x000007fefe6a9000 	C:\Windows\system32\USP10.dll
0x000007fefc480000 - 0x000007fefc674000 	C:\Windows\WinSxS\amd64_microsoft.windows.common-controls_6595b64144ccf1df_6.0.7601.17514_none_fa396087175ac9ac\COMCTL32.dll
0x000007fefe920000 - 0x000007fefe991000 	C:\Windows\system32\SHLWAPI.dll
0x000007fefe080000 - 0x000007fefe0ae000 	C:\Windows\system32\IMM32.DLL
0x000007feffb60000 - 0x000007feffc69000 	C:\Windows\system32\MSCTF.dll
0x0000000071af0000 - 0x0000000071bc2000 	C:\Program Files\Android\Android Studio\jre\jre\bin\msvcr100.dll
0x0000000060b20000 - 0x000000006135f000 	C:\Program Files\Android\Android Studio\jre\jre\bin\server\jvm.dll
0x000007fef3240000 - 0x000007fef3249000 	C:\Windows\system32\WSOCK32.dll
0x000007fefe0b0000 - 0x000007fefe0fd000 	C:\Windows\system32\WS2_32.dll
0x000007feffd60000 - 0x000007feffd68000 	C:\Windows\system32\NSI.dll
0x000007fefc030000 - 0x000007fefc06b000 	C:\Windows\system32\WINMM.dll
0x000007fefcb10000 - 0x000007fefcb1c000 	C:\Windows\system32\VERSION.dll
0x0000000077c30000 - 0x0000000077c37000 	C:\Windows\system32\PSAPI.DLL
0x000007feeb810000 - 0x000007feeb81f000 	C:\Program Files\Android\Android Studio\jre\jre\bin\verify.dll
0x000007fee9c40000 - 0x000007fee9c69000 	C:\Program Files\Android\Android Studio\jre\jre\bin\java.dll
0x000007fee9c80000 - 0x000007fee9c96000 	C:\Program Files\Android\Android Studio\jre\jre\bin\zip.dll
0x000007fefec00000 - 0x000007feff988000 	C:\Windows\system32\SHELL32.dll
0x000007fefe710000 - 0x000007fefe913000 	C:\Windows\system32\ole32.dll
0x000007fefd9b0000 - 0x000007fefd9bf000 	C:\Windows\system32\profapi.dll
0x000007fee9530000 - 0x000007fee953d000 	C:\Program Files\Android\Android Studio\jre\jre\bin\management.dll
0x000007fee9c20000 - 0x000007fee9c3a000 	C:\Program Files\Android\Android Studio\jre\jre\bin\net.dll
0x000007fefd1e0000 - 0x000007fefd235000 	C:\Windows\system32\mswsock.dll
0x000007fefd1d0000 - 0x000007fefd1d7000 	C:\Windows\System32\wship6.dll
0x000007fee9c00000 - 0x000007fee9c11000 	C:\Program Files\Android\Android Studio\jre\jre\bin\nio.dll
0x000007fefd240000 - 0x000007fefd257000 	C:\Windows\system32\CRYPTSP.dll
0x000007fefcf40000 - 0x000007fefcf87000 	C:\Windows\system32\rsaenh.dll
0x000007fefccf0000 - 0x000007fefcd0e000 	C:\Windows\system32\USERENV.dll
0x000007fefd840000 - 0x000007fefd84f000 	C:\Windows\system32\CRYPTBASE.dll
0x000007fefb040000 - 0x000007fefb067000 	C:\Windows\system32\IPHLPAPI.DLL
0x000007fefb5a0000 - 0x000007fefb5ab000 	C:\Windows\system32\WINNSI.DLL
0x000007fefae60000 - 0x000007fefae78000 	C:\Windows\system32\dhcpcsvc.DLL
0x000007fefa960000 - 0x000007fefa971000 	C:\Windows\system32\dhcpcsvc6.DLL

VM Arguments:
jvm_args: -Djava.awt.headless=true -Djava.rmi.server.hostname=localhost -Xmx1536m -Dkotlin.environment.keepalive 
java_command: org.jetbrains.kotlin.daemon.KotlinCompileDaemon --daemon-runFilesPath C:\Users\pakistan\AppData\Local\kotlin\daemon --daemon-autoshutdownIdleSeconds=7200 --daemon-compilerClasspath C:\Users\pakistan\.gradle\caches\modules-2\files-2.1\org.jetbrains.kotlin\kotlin-compiler-embeddable\1.2.41\e439cfdc216b070ebd454da892447f5dca96a934\kotlin-compiler-embeddable-1.2.41.jar;C:\Users\pakistan\.gradle\caches\modules-2\files-2.1\org.jetbrains.kotlin\kotlin-stdlib\1.2.41\7e34f009642702250bccd9e5255866f408962a05\kotlin-stdlib-1.2.41.jar;C:\Users\pakistan\.gradle\caches\modules-2\files-2.1\org.jetbrains.kotlin\kotlin-script-runtime\1.2.41\e291b12913910c260ce878f9a76c84203cf710a1\kotlin-script-runtime-1.2.41.jar;C:\Users\pakistan\.gradle\caches\modules-2\files-2.1\org.jetbrains.kotlin\kotlin-reflect\1.2.41\e4d6728a4fa55dbfb510aeea25c072c7c51d94\kotlin-reflect-1.2.41.jar;C:\Program Files\Android\Android Studio\jre\lib\tools.jar
java_class_path (initial): C:\Users\pakistan\.gradle\caches\modules-2\files-2.1\org.jetbrains.kotlin\kotlin-compiler-embeddable\1.2.41\e439cfdc216b070ebd454da892447f5dca96a934\kotlin-compiler-embeddable-1.2.41.jar;C:\Users\pakistan\.gradle\caches\modules-2\files-2.1\org.jetbrains.kotlin\kotlin-stdlib\1.2.41\7e34f009642702250bccd9e5255866f408962a05\kotlin-stdlib-1.2.41.jar;C:\Users\pakistan\.gradle\caches\modules-2\files-2.1\org.jetbrains.kotlin\kotlin-script-runtime\1.2.41\e291b12913910c260ce878f9a76c84203cf710a1\kotlin-script-runtime-1.2.41.jar;C:\Users\pakistan\.gradle\caches\modules-2\files-2.1\org.jetbrains.kotlin\kotlin-reflect\1.2.41\e4d6728a4fa55dbfb510aeea25c072c7c51d94\kotlin-reflect-1.2.41.jar;C:\Program Files\Android\Android Studio\jre\lib\tools.jar
Launcher Type: SUN_STANDARD

Environment Variables:
JAVA_HOME=C:\Program Files\Java\jdk1.8.0_77
PATH=C:\Program Files (x86)\Common Files\Oracle\Java\javapath;C:\ProgramData\Oracle\Java\javapath;C:\Windows\system32;C:\Windows;C:\Windows\System32\Wbem;C:\Windows\System32\WindowsPowerShell\v1.0\;C:\Program Files (x86)\Yarn\bin\;C:\Program Files\nodejs\;C:\Program Files\Microsoft VS Code\bin;C:\Program Files\Git\cmd;c:\Program Files (x86)\Microsoft SQL Server\100\Tools\Binn\VSShell\Common7\IDE\;c:\Program Files (x86)\Microsoft SQL Server\100\Tools\Binn\;c:\Program Files (x86)\Microsoft SQL Server\100\DTS\Binn\;c:\Program Files\Microsoft SQL Server\100\Tools\Binn\;c:\Program Files\Microsoft SQL Server\100\DTS\Binn\;C:\Program Files (x86)\Windows Kits\8.1\Windows Performance Toolkit\;C:\Program Files\Microsoft SQL Server\110\Tools\Binn\;C:\Program Files\Microsoft VS Code\bin;C:\Users\pakistan\AppData\Local\Android\sdk\platform-tools;C:\Users\pakistan\AppData\Local\Yarn\bin;C:\Users\pakistan\AppData\Roaming\npm
USERNAME=pakistan
OS=Windows_NT
PROCESSOR_IDENTIFIER=Intel64 Family 6 Model 58 Stepping 9, GenuineIntel



---------------  S Y S T E M  ---------------

OS: Windows 7 , 64 bit Build 7601 (6.1.7601.17514)

CPU:total 4 (initial active 4) (2 cores per cpu, 2 threads per core) family 6 model 58 stepping 9, cmov, cx8, fxsr, mmx, sse, sse2, sse3, ssse3, sse4.1, sse4.2, popcnt, avx, aes, clmul, erms, ht, tsc, tscinvbit, tscinv

Memory: 4k page, physical 8272180k(1390816k free), swap 8270336k(5768k free)

vm_info: OpenJDK 64-Bit Server VM (25.152-b02) for windows-amd64 JRE (1.8.0_152-release-1024-b02), built by "builder" with MS VC++ 10.0 (VS2010)

time: Wed Aug 15 21:09:42 2018
elapsed time: 13 seconds (0d 0h 0m 13s)

