#
# There is insufficient memory for the Java Runtime Environment to continue.
# Native memory allocation (malloc) failed to allocate 32744 bytes for ChunkPool::allocate
# Possible reasons:
#   The system is out of physical RAM or swap space
#   In 32 bit mode, the process size limit was hit
# Possible solutions:
#   Reduce memory load on the system
#   Increase physical memory or swap space
#   Check if swap backing store is full
#   Use 64 bit Java on a 64 bit OS
#   Decrease Java heap size (-Xmx/-Xms)
#   Decrease number of Java threads
#   Decrease Java thread stack sizes (-Xss)
#   Set larger code cache with -XX:ReservedCodeCacheSize=
# This output file may be truncated or incomplete.
#
#  Out of Memory Error (allocation.cpp:273), pid=6120, tid=0x0000000000001ee4
#
# JRE version: OpenJDK Runtime Environment (8.0_152-b02) (build 1.8.0_152-release-1024-b02)
# Java VM: OpenJDK 64-Bit Server VM (25.152-b02 mixed mode windows-amd64 compressed oops)
# Failed to write core dump. Minidumps are not enabled by default on client versions of Windows
#

---------------  T H R E A D  ---------------

Current thread (0x00000000561eb000):  JavaThread "C2 CompilerThread0" daemon [_thread_in_native, id=7908, stack(0x0000000057a40000,0x0000000057b40000)]

Stack: [0x0000000057a40000,0x0000000057b40000]
[error occurred during error reporting (printing stack bounds), id 0xc0000005]

Native frames: (J=compiled Java code, j=interpreted, Vv=VM code, C=native code)


Current CompileTask:
C2: 105644 8522   !   4       java.io.ObjectOutputStream::writeObject0 (619 bytes)


---------------  P R O C E S S  ---------------

Java Threads: ( => current thread )
  0x000000005d12d800 JavaThread "RMI TCP Connection(1)-127.0.0.1" daemon [_thread_in_native, id=3864, stack(0x0000000064030000,0x0000000064130000)]
  0x000000005d12c000 JavaThread "RMI Reaper" [_thread_blocked, id=7528, stack(0x0000000063e80000,0x0000000063f80000)]
  0x000000005d12a000 JavaThread "RMI TCP Accept-0" daemon [_thread_in_native, id=6872, stack(0x000000005a0f0000,0x000000005a1f0000)]
  0x000000005d12b800 JavaThread "GC Daemon" daemon [_thread_blocked, id=7576, stack(0x0000000063c30000,0x0000000063d30000)]
  0x000000005d128800 JavaThread "RMI RenewClean-[localhost:17957,org.jetbrains.kotlin.daemon.common.LoopbackNetworkInterface$ClientLoopbackSocketFactory@536e5e63]" daemon [_thread_blocked, id=6320, stack(0x0000000063a20000,0x0000000063b20000)]
  0x000000005d12a800 JavaThread "RMI Scheduler(0)" daemon [_thread_blocked, id=6072, stack(0x000000005ab90000,0x000000005ac90000)]
  0x0000000058cbc800 JavaThread "Task worker for ':' Thread 3" [_thread_blocked, id=5452, stack(0x00000000629c0000,0x0000000062ac0000)]
  0x0000000058cbc000 JavaThread "Task worker for ':' Thread 2" [_thread_blocked, id=3964, stack(0x0000000062f90000,0x0000000063090000)]
  0x0000000058cbb000 JavaThread "Task worker for ':'" [_thread_in_native, id=4500, stack(0x0000000062de0000,0x0000000062ee0000)]
  0x000000005f50e000 JavaThread "Cache worker for Build Output Cleanup Cache (D:\Raheel Data\Kotlin\Kotlin Projects\AxiomTaskOne\.gradle\buildOutputCleanup)" [_thread_blocked, id=6140, stack(0x0000000062b00000,0x0000000062c00000)]
  0x000000005f50d000 JavaThread "Cache worker for task history cache (D:\Raheel Data\Kotlin\Kotlin Projects\AxiomTaskOne\.gradle\4.4\taskHistory)" [_thread_blocked, id=4420, stack(0x0000000062870000,0x0000000062970000)]
  0x000000005f50c800 JavaThread "Cache worker for file content cache (D:\Raheel Data\Kotlin\Kotlin Projects\AxiomTaskOne\.gradle\4.4\fileContent)" [_thread_blocked, id=4576, stack(0x00000000604b0000,0x00000000605b0000)]
  0x000000005f508000 JavaThread "Memory manager" [_thread_blocked, id=7788, stack(0x0000000061720000,0x0000000061820000)]
  0x000000005f507000 JavaThread "pool-1-thread-1" [_thread_blocked, id=7928, stack(0x00000000613f0000,0x00000000614f0000)]
  0x000000005f505800 JavaThread "build operations Thread 4" [_thread_blocked, id=6912, stack(0x00000000605f0000,0x00000000606f0000)]
  0x000000005f505000 JavaThread "build operations Thread 3" [_thread_blocked, id=6108, stack(0x00000000603b0000,0x00000000604b0000)]
  0x000000005f504000 JavaThread "build operations Thread 2" [_thread_blocked, id=6196, stack(0x00000000601b0000,0x00000000602b0000)]
  0x000000005f503800 JavaThread "build operations" [_thread_blocked, id=6556, stack(0x0000000060010000,0x0000000060110000)]
  0x000000005f502000 JavaThread "Cache worker for Artifact transforms cache (C:\Users\pakistan\.gradle\caches\transforms-1)" [_thread_blocked, id=7300, stack(0x000000005fe60000,0x000000005ff60000)]
  0x0000000059684800 JavaThread "Cache worker for file hash cache (D:\Raheel Data\Kotlin\Kotlin Projects\AxiomTaskOne\.gradle\4.4\fileHashes)" [_thread_blocked, id=1672, stack(0x000000005b170000,0x000000005b270000)]
  0x00000000595fd000 JavaThread "File lock request listener" [_thread_in_native, id=5976, stack(0x000000005afd0000,0x000000005b0d0000)]
  0x00000000596a1800 JavaThread "Cache worker for file hash cache (C:\Users\pakistan\.gradle\caches\4.4\fileHashes)" [_thread_blocked, id=6700, stack(0x000000005aa40000,0x000000005ab40000)]
  0x000000005961f800 JavaThread "Asynchronous log dispatcher for DefaultDaemonConnection: socket connection from /127.0.0.1:18435 to /127.0.0.1:18436" [_thread_blocked, id=6856, stack(0x000000005a300000,0x000000005a400000)]
  0x0000000059583000 JavaThread "Daemon worker" [_thread_blocked, id=6980, stack(0x000000005a930000,0x000000005aa30000)]
  0x000000005957f800 JavaThread "Cancel handler" [_thread_blocked, id=2732, stack(0x000000005a810000,0x000000005a910000)]
  0x0000000059560000 JavaThread "Handler for socket connection from /127.0.0.1:18435 to /127.0.0.1:18436" [_thread_in_native, id=2644, stack(0x000000005a430000,0x000000005a530000)]
  0x000000005955b800 JavaThread "Daemon" [_thread_blocked, id=7372, stack(0x000000005a200000,0x000000005a300000)]
  0x000000005949e000 JavaThread "Daemon periodic checks" [_thread_blocked, id=1724, stack(0x0000000059fd0000,0x000000005a0d0000)]
  0x0000000059493800 JavaThread "Incoming local TCP Connector on port 18435" [_thread_in_native, id=5536, stack(0x0000000057910000,0x0000000057a10000)]
  0x0000000057bb8800 JavaThread "Service Thread" daemon [_thread_blocked, id=5316, stack(0x00000000576b0000,0x00000000577b0000)]
  0x0000000057b45800 JavaThread "C1 CompilerThread2" daemon [_thread_blocked, id=1888, stack(0x0000000058120000,0x0000000058220000)]
  0x0000000057b42800 JavaThread "C2 CompilerThread1" daemon [_thread_blocked, id=4064, stack(0x0000000057f60000,0x0000000058060000)]
=>0x00000000561eb000 JavaThread "C2 CompilerThread0" daemon [_thread_in_native, id=7908, stack(0x0000000057a40000,0x0000000057b40000)]
  0x00000000561e0000 JavaThread "Attach Listener" daemon [_thread_blocked, id=5000, stack(0x00000000577b0000,0x00000000578b0000)]
  0x00000000561de800 JavaThread "Signal Dispatcher" daemon [_thread_blocked, id=5828, stack(0x0000000057570000,0x0000000057670000)]
  0x00000000561c8000 JavaThread "Finalizer" daemon [_thread_blocked, id=5832, stack(0x0000000057420000,0x0000000057520000)]
  0x0000000056181000 JavaThread "Reference Handler" daemon [_thread_blocked, id=4048, stack(0x00000000572c0000,0x00000000573c0000)]
  0x000000000016e800 JavaThread "main" [_thread_blocked, id=7436, stack(0x0000000002070000,0x0000000002170000)]

Other Threads:
  0x0000000056179800 VMThread [stack: 0x0000000057110000,0x0000000057210000] [id=4180]
  0x0000000057bba000 WatcherThread [stack: 0x00000000582a0000,0x00000000583a0000] [id=3592]

VM state:not at safepoint (normal execution)

VM Mutex/Monitor currently owned by a thread: None

Heap:
 PSYoungGen      total 387072K, used 303515K [0x00000000e0000000, 0x0000000100000000, 0x0000000100000000)
  eden space 363520K, 83% used [0x00000000e0000000,0x00000000f2866c40,0x00000000f6300000)
  from space 23552K, 0% used [0x00000000f6300000,0x00000000f6300000,0x00000000f7a00000)
  to   space 25088K, 0% used [0x00000000fe780000,0x00000000fe780000,0x0000000100000000)
 ParOldGen       total 110080K, used 32363K [0x00000000a0000000, 0x00000000a6b80000, 0x00000000e0000000)
  object space 110080K, 29% used [0x00000000a0000000,0x00000000a1f9ace0,0x00000000a6b80000)
 Metaspace       used 64033K, capacity 65934K, committed 66008K, reserved 1105920K
  class space    used 8697K, capacity 9149K, committed 9216K, reserved 1048576K

Card table byte_map: [0x0000000011800000,0x0000000011b10000] byte_map_base: 0x0000000011300000

Marking Bits: (ParMarkBitMap*) 0x00000000612e4970
 Begin Bits: [0x00000000124f0000, 0x0000000013cf0000)
 End Bits:   [0x0000000013cf0000, 0x00000000154f0000)

Polling page: 0x0000000000130000

CodeCache: size=245760Kb used=22916Kb max_used=23241Kb free=222843Kb
 bounds [0x0000000002440000, 0x0000000003b10000, 0x0000000011440000]
 total_blobs=8089 nmethods=7278 adapters=723
 compilation: enabled

Compilation events (10 events):
Event: 105.506 Thread 0x0000000057b42800 8537       4       org.gradle.internal.serialize.kryo.KryoBackedEncoder::flush (8 bytes)
Event: 105.507 Thread 0x0000000057b42800 nmethod 8537 0x0000000003873850 code [0x00000000038739a0, 0x0000000003873a98]
Event: 105.512 Thread 0x0000000057b42800 8538       4       java.io.ObjectStreamClass::hasWriteReplaceMethod (17 bytes)
Event: 105.512 Thread 0x0000000057b42800 nmethod 8538 0x0000000003869990 code [0x0000000003869ac0, 0x0000000003869b38]
Event: 105.513 Thread 0x0000000057b42800 8539       4       java.io.ObjectOutputStream$ReplaceTable::lookup (24 bytes)
Event: 105.516 Thread 0x0000000057b42800 nmethod 8539 0x000000000322c7d0 code [0x000000000322c920, 0x000000000322cb68]
Event: 105.529 Thread 0x0000000057b45800 8541       3       java.util.concurrent.locks.AbstractQueuedSynchronizer$ConditionObject::await (98 bytes)
Event: 105.530 Thread 0x0000000057b45800 nmethod 8541 0x0000000002d0a110 code [0x0000000002d0a3c0, 0x0000000002d0b5a8]
Event: 105.530 Thread 0x0000000057b45800 8540       3       org.gradle.internal.resources.AbstractTrackedResourceLock::isLockedByCurrentThread (9 bytes)
Event: 105.531 Thread 0x0000000057b45800 nmethod 8540 0x00000000026a4990 code [0x00000000026a4b20, 0x00000000026a4f08]

GC Heap History (10 events):
Event: 10.215 GC heap before
{Heap before GC invocations=8 (full 2):
 PSYoungGen      total 244224K, used 8918K [0x00000000e0000000, 0x00000000eff80000, 0x0000000100000000)
  eden space 232960K, 0% used [0x00000000e0000000,0x00000000e0000000,0x00000000ee380000)
  from space 11264K, 79% used [0x00000000ef480000,0x00000000efd35820,0x00000000eff80000)
  to   space 14336K, 0% used [0x00000000ee380000,0x00000000ee380000,0x00000000ef180000)
 ParOldGen       total 54272K, used 16170K [0x00000000a0000000, 0x00000000a3500000, 0x00000000e0000000)
  object space 54272K, 29% used [0x00000000a0000000,0x00000000a0fca970,0x00000000a3500000)
 Metaspace       used 34673K, capacity 35260K, committed 35416K, reserved 1079296K
  class space    used 4788K, capacity 4972K, committed 4992K, reserved 1048576K
Event: 10.299 GC heap after
Heap after GC invocations=8 (full 2):
 PSYoungGen      total 244224K, used 0K [0x00000000e0000000, 0x00000000eff80000, 0x0000000100000000)
  eden space 232960K, 0% used [0x00000000e0000000,0x00000000e0000000,0x00000000ee380000)
  from space 11264K, 0% used [0x00000000ef480000,0x00000000ef480000,0x00000000eff80000)
  to   space 14336K, 0% used [0x00000000ee380000,0x00000000ee380000,0x00000000ef180000)
 ParOldGen       total 80896K, used 17576K [0x00000000a0000000, 0x00000000a4f00000, 0x00000000e0000000)
  object space 80896K, 21% used [0x00000000a0000000,0x00000000a112a270,0x00000000a4f00000)
 Metaspace       used 34673K, capacity 35260K, committed 35416K, reserved 1079296K
  class space    used 4788K, capacity 4972K, committed 4992K, reserved 1048576K
}
Event: 19.620 GC heap before
{Heap before GC invocations=9 (full 2):
 PSYoungGen      total 244224K, used 232960K [0x00000000e0000000, 0x00000000eff80000, 0x0000000100000000)
  eden space 232960K, 100% used [0x00000000e0000000,0x00000000ee380000,0x00000000ee380000)
  from space 11264K, 0% used [0x00000000ef480000,0x00000000ef480000,0x00000000eff80000)
  to   space 14336K, 0% used [0x00000000ee380000,0x00000000ee380000,0x00000000ef180000)
 ParOldGen       total 80896K, used 17576K [0x00000000a0000000, 0x00000000a4f00000, 0x00000000e0000000)
  object space 80896K, 21% used [0x00000000a0000000,0x00000000a112a270,0x00000000a4f00000)
 Metaspace       used 46973K, capacity 47836K, committed 48088K, reserved 1091584K
  class space    used 6347K, capacity 6613K, committed 6656K, reserved 1048576K
Event: 19.653 GC heap after
Heap after GC invocations=9 (full 2):
 PSYoungGen      total 247296K, used 14328K [0x00000000e0000000, 0x00000000f9100000, 0x0000000100000000)
  eden space 232960K, 0% used [0x00000000e0000000,0x00000000e0000000,0x00000000ee380000)
  from space 14336K, 99% used [0x00000000ee380000,0x00000000ef17e148,0x00000000ef180000)
  to   space 17920K, 0% used [0x00000000f7f80000,0x00000000f7f80000,0x00000000f9100000)
 ParOldGen       total 80896K, used 20837K [0x00000000a0000000, 0x00000000a4f00000, 0x00000000e0000000)
  object space 80896K, 25% used [0x00000000a0000000,0x00000000a14594f8,0x00000000a4f00000)
 Metaspace       used 46973K, capacity 47836K, committed 48088K, reserved 1091584K
  class space    used 6347K, capacity 6613K, committed 6656K, reserved 1048576K
}
Event: 38.493 GC heap before
{Heap before GC invocations=10 (full 2):
 PSYoungGen      total 247296K, used 247288K [0x00000000e0000000, 0x00000000f9100000, 0x0000000100000000)
  eden space 232960K, 100% used [0x00000000e0000000,0x00000000ee380000,0x00000000ee380000)
  from space 14336K, 99% used [0x00000000ee380000,0x00000000ef17e148,0x00000000ef180000)
  to   space 17920K, 0% used [0x00000000f7f80000,0x00000000f7f80000,0x00000000f9100000)
 ParOldGen       total 80896K, used 20837K [0x00000000a0000000, 0x00000000a4f00000, 0x00000000e0000000)
  object space 80896K, 25% used [0x00000000a0000000,0x00000000a14594f8,0x00000000a4f00000)
 Metaspace       used 56689K, capacity 58318K, committed 58584K, reserved 1099776K
  class space    used 7684K, capacity 8082K, committed 8192K, reserved 1048576K
Event: 38.587 GC heap after
Heap after GC invocations=10 (full 2):
 PSYoungGen      total 381440K, used 17901K [0x00000000e0000000, 0x00000000f9100000, 0x0000000100000000)
  eden space 363520K, 0% used [0x00000000e0000000,0x00000000e0000000,0x00000000f6300000)
  from space 17920K, 99% used [0x00000000f7f80000,0x00000000f90fb540,0x00000000f9100000)
  to   space 23552K, 0% used [0x00000000f6300000,0x00000000f6300000,0x00000000f7a00000)
 ParOldGen       total 80896K, used 27559K [0x00000000a0000000, 0x00000000a4f00000, 0x00000000e0000000)
  object space 80896K, 34% used [0x00000000a0000000,0x00000000a1ae9d80,0x00000000a4f00000)
 Metaspace       used 56689K, capacity 58318K, committed 58584K, reserved 1099776K
  class space    used 7684K, capacity 8082K, committed 8192K, reserved 1048576K
}
Event: 40.721 GC heap before
{Heap before GC invocations=11 (full 2):
 PSYoungGen      total 381440K, used 53592K [0x00000000e0000000, 0x00000000f9100000, 0x0000000100000000)
  eden space 363520K, 9% used [0x00000000e0000000,0x00000000e22daad0,0x00000000f6300000)
  from space 17920K, 99% used [0x00000000f7f80000,0x00000000f90fb540,0x00000000f9100000)
  to   space 23552K, 0% used [0x00000000f6300000,0x00000000f6300000,0x00000000f7a00000)
 ParOldGen       total 80896K, used 27559K [0x00000000a0000000, 0x00000000a4f00000, 0x00000000e0000000)
  object space 80896K, 34% used [0x00000000a0000000,0x00000000a1ae9d80,0x00000000a4f00000)
 Metaspace       used 57322K, capacity 58976K, committed 59028K, reserved 1099776K
  class space    used 7756K, capacity 8189K, committed 8192K, reserved 1048576K
Event: 40.782 GC heap after
Heap after GC invocations=11 (full 2):
 PSYoungGen      total 387072K, used 18950K [0x00000000e0000000, 0x0000000100000000, 0x0000000100000000)
  eden space 363520K, 0% used [0x00000000e0000000,0x00000000e0000000,0x00000000f6300000)
  from space 23552K, 80% used [0x00000000f6300000,0x00000000f7581a78,0x00000000f7a00000)
  to   space 25088K, 0% used [0x00000000fe780000,0x00000000fe780000,0x0000000100000000)
 ParOldGen       total 80896K, used 27567K [0x00000000a0000000, 0x00000000a4f00000, 0x00000000e0000000)
  object space 80896K, 34% used [0x00000000a0000000,0x00000000a1aebd80,0x00000000a4f00000)
 Metaspace       used 57322K, capacity 58976K, committed 59028K, reserved 1099776K
  class space    used 7756K, capacity 8189K, committed 8192K, reserved 1048576K
}
Event: 40.782 GC heap before
{Heap before GC invocations=12 (full 3):
 PSYoungGen      total 387072K, used 18950K [0x00000000e0000000, 0x0000000100000000, 0x0000000100000000)
  eden space 363520K, 0% used [0x00000000e0000000,0x00000000e0000000,0x00000000f6300000)
  from space 23552K, 80% used [0x00000000f6300000,0x00000000f7581a78,0x00000000f7a00000)
  to   space 25088K, 0% used [0x00000000fe780000,0x00000000fe780000,0x0000000100000000)
 ParOldGen       total 80896K, used 27567K [0x00000000a0000000, 0x00000000a4f00000, 0x00000000e0000000)
  object space 80896K, 34% used [0x00000000a0000000,0x00000000a1aebd80,0x00000000a4f00000)
 Metaspace       used 57322K, capacity 58976K, committed 59028K, reserved 1099776K
  class space    used 7756K, capacity 8189K, committed 8192K, reserved 1048576K
Event: 41.259 GC heap after
Heap after GC invocations=12 (full 3):
 PSYoungGen      total 387072K, used 0K [0x00000000e0000000, 0x0000000100000000, 0x0000000100000000)
  eden space 363520K, 0% used [0x00000000e0000000,0x00000000e0000000,0x00000000f6300000)
  from space 23552K, 0% used [0x00000000f6300000,0x00000000f6300000,0x00000000f7a00000)
  to   space 25088K, 0% used [0x00000000fe780000,0x00000000fe780000,0x0000000100000000)
 ParOldGen       total 110080K, used 32363K [0x00000000a0000000, 0x00000000a6b80000, 0x00000000e0000000)
  object space 110080K, 29% used [0x00000000a0000000,0x00000000a1f9ace0,0x00000000a6b80000)
 Metaspace       used 57322K, capacity 58976K, committed 59028K, reserved 1099776K
  class space    used 7756K, capacity 8189K, committed 8192K, reserved 1048576K
}

Deoptimization events (10 events):
Event: 94.296 Thread 0x0000000058cbb000 Uncommon trap: reason=unstable_if action=reinterpret pc=0x000000000291974c method=java.io.ObjectOutputStream$BlockDataOutputStream.writeBytes(Ljava/lang/String;)V @ 22
Event: 94.296 Thread 0x0000000058cbb000 Uncommon trap: reason=unstable_if action=reinterpret pc=0x0000000002df276c method=java.io.ObjectOutputStream$BlockDataOutputStream.writeBytes(Ljava/lang/String;)V @ 22
Event: 94.297 Thread 0x0000000058cbb000 Uncommon trap: reason=array_check action=maybe_recompile pc=0x0000000003ad6dd4 method=java.util.ComparableTimSort.binarySort([Ljava/lang/Object;III)V @ 193
Event: 94.298 Thread 0x0000000058cbb000 Uncommon trap: reason=array_check action=maybe_recompile pc=0x0000000003ad6dd4 method=java.util.ComparableTimSort.binarySort([Ljava/lang/Object;III)V @ 193
Event: 94.322 Thread 0x0000000058cbb000 Uncommon trap: reason=unstable_if action=reinterpret pc=0x0000000002701e38 method=java.io.ObjectOutputStream$HandleTable.assign(Ljava/lang/Object;)I @ 24
Event: 94.327 Thread 0x0000000058cbb000 Uncommon trap: reason=unstable_if action=reinterpret pc=0x0000000003216570 method=java.io.ObjectStreamClass.hasWriteObjectMethod()Z @ 8
Event: 94.416 Thread 0x000000005d12d800 Uncommon trap: reason=class_check action=maybe_recompile pc=0x0000000002fd4a60 method=java.lang.ThreadLocal.set(Ljava/lang/Object;)V @ 26
Event: 94.432 Thread 0x000000005d12d800 Uncommon trap: reason=bimorphic action=maybe_recompile pc=0x0000000003278a98 method=java.util.Hashtable.get(Ljava/lang/Object;)Ljava/lang/Object; @ 6
Event: 94.433 Thread 0x000000005d12d800 Uncommon trap: reason=bimorphic action=maybe_recompile pc=0x0000000003278a98 method=java.util.Hashtable.get(Ljava/lang/Object;)Ljava/lang/Object; @ 6
Event: 105.181 Thread 0x000000005d12d800 Uncommon trap: reason=array_check action=maybe_recompile pc=0x0000000003ad6dd4 method=java.util.ComparableTimSort.binarySort([Ljava/lang/Object;III)V @ 193

Classes redefined (0 events):
No events

Internal exceptions (10 events):
Event: 94.041 Thread 0x0000000058cbb000 Exception <a 'java/lang/NoSuchMethodError': <clinit>> (0x00000000f2009fe8) thrown at [D:\src\AOSP-openjdk-cygwin\jdk8u\hotspot\src\share\vm\prims\jni.cpp, line 1613]
Event: 94.071 Thread 0x0000000058cbb000 Exception <a 'java/lang/NoSuchMethodError': <clinit>> (0x00000000f201c308) thrown at [D:\src\AOSP-openjdk-cygwin\jdk8u\hotspot\src\share\vm\prims\jni.cpp, line 1613]
Event: 94.078 Thread 0x0000000058cbb000 Exception <a 'java/lang/NoSuchMethodError': <clinit>> (0x00000000f203aca8) thrown at [D:\src\AOSP-openjdk-cygwin\jdk8u\hotspot\src\share\vm\prims\jni.cpp, line 1613]
Event: 94.131 Thread 0x000000005d128800 Exception <a 'java/lang/InterruptedException'> (0x00000000f21c1660) thrown at [D:\src\AOSP-openjdk-cygwin\jdk8u\hotspot\src\share\vm\runtime\objectMonitor.cpp, line 1684]
Event: 94.172 Thread 0x0000000058cbb000 Exception <a 'java/lang/NoSuchMethodError': <clinit>> (0x00000000f2070858) thrown at [D:\src\AOSP-openjdk-cygwin\jdk8u\hotspot\src\share\vm\prims\jni.cpp, line 1613]
Event: 94.174 Thread 0x0000000058cbb000 Exception <a 'java/lang/NoSuchMethodError': <clinit>> (0x00000000f207c8e0) thrown at [D:\src\AOSP-openjdk-cygwin\jdk8u\hotspot\src\share\vm\prims\jni.cpp, line 1613]
Event: 94.179 Thread 0x0000000058cbb000 Exception <a 'java/lang/NoSuchMethodError': <clinit>> (0x00000000f208c748) thrown at [D:\src\AOSP-openjdk-cygwin\jdk8u\hotspot\src\share\vm\prims\jni.cpp, line 1613]
Event: 94.195 Thread 0x0000000058cbb000 Exception <a 'java/lang/NoSuchMethodError': <clinit>> (0x00000000f20b40e0) thrown at [D:\src\AOSP-openjdk-cygwin\jdk8u\hotspot\src\share\vm\prims\jni.cpp, line 1613]
Event: 94.295 Thread 0x0000000058cbb000 Exception <a 'java/lang/NoSuchMethodError': <clinit>> (0x00000000f22677d8) thrown at [D:\src\AOSP-openjdk-cygwin\jdk8u\hotspot\src\share\vm\prims\jni.cpp, line 1613]
Event: 94.322 Thread 0x0000000058cbb000 Exception <a 'java/lang/NoSuchMethodError': <clinit>> (0x00000000f22fd708) thrown at [D:\src\AOSP-openjdk-cygwin\jdk8u\hotspot\src\share\vm\prims\jni.cpp, line 1613]

Events (10 events):
Event: 105.442 Thread 0x0000000057b42800 flushing nmethod 0x0000000003870790
Event: 105.442 Thread 0x0000000057b42800 flushing nmethod 0x0000000003873850
Event: 105.442 Thread 0x0000000057b42800 flushing nmethod 0x00000000038a66d0
Event: 105.442 Thread 0x0000000057b42800 flushing nmethod 0x00000000038b7090
Event: 105.442 Thread 0x0000000057b42800 flushing nmethod 0x00000000038b9210
Event: 105.442 Thread 0x0000000057b42800 flushing nmethod 0x00000000038db550
Event: 105.492 loading class org/gradle/api/internal/changedetection/state/FileTree
Event: 105.492 loading class org/gradle/api/internal/changedetection/state/FileTree done
Event: 105.495 loading class com/android/build/gradle/internal/dependency/ArtifactCollectionWithExtraArtifact$ExtraResolvedArtifactResult
Event: 105.495 loading class com/android/build/gradle/internal/dependency/ArtifactCollectionWithExtraArtifact$ExtraResolvedArtifactResult done


Dynamic libraries:
0x000000013f850000 - 0x000000013f881000 	C:\Program Files\Android\Android Studio\jre\bin\java.exe
0x0000000077a60000 - 0x0000000077c09000 	C:\Windows\SYSTEM32\ntdll.dll
0x000007fef3c10000 - 0x000007fef3c44000 	C:\Program Files\AVAST Software\Avast\x64\aswhooka.dll
0x0000000077940000 - 0x0000000077a5f000 	C:\Windows\system32\kernel32.dll
0x000007fefdb00000 - 0x000007fefdb6b000 	C:\Windows\system32\KERNELBASE.dll
0x000007fefe500000 - 0x000007fefe5db000 	C:\Windows\system32\ADVAPI32.dll
0x000007feffac0000 - 0x000007feffb5f000 	C:\Windows\system32\msvcrt.dll
0x000007feffa30000 - 0x000007feffa4f000 	C:\Windows\SYSTEM32\sechost.dll
0x000007fefe2a0000 - 0x000007fefe3cd000 	C:\Windows\system32\RPCRT4.dll
0x0000000077840000 - 0x000000007793a000 	C:\Windows\system32\USER32.dll
0x000007feffa50000 - 0x000007feffab7000 	C:\Windows\system32\GDI32.dll
0x000007feffc70000 - 0x000007feffc7e000 	C:\Windows\system32\LPK.dll
0x000007fefe5e0000 - 0x000007fefe6a9000 	C:\Windows\system32\USP10.dll
0x000007fefc480000 - 0x000007fefc674000 	C:\Windows\WinSxS\amd64_microsoft.windows.common-controls_6595b64144ccf1df_6.0.7601.17514_none_fa396087175ac9ac\COMCTL32.dll
0x000007fefe920000 - 0x000007fefe991000 	C:\Windows\system32\SHLWAPI.dll
0x000007fefe080000 - 0x000007fefe0ae000 	C:\Windows\system32\IMM32.DLL
0x000007feffb60000 - 0x000007feffc69000 	C:\Windows\system32\MSCTF.dll
0x0000000071af0000 - 0x0000000071bc2000 	C:\Program Files\Android\Android Studio\jre\jre\bin\msvcr100.dll
0x0000000060b20000 - 0x000000006135f000 	C:\Program Files\Android\Android Studio\jre\jre\bin\server\jvm.dll
0x000007fef3240000 - 0x000007fef3249000 	C:\Windows\system32\WSOCK32.dll
0x000007fefe0b0000 - 0x000007fefe0fd000 	C:\Windows\system32\WS2_32.dll
0x000007feffd60000 - 0x000007feffd68000 	C:\Windows\system32\NSI.dll
0x000007fefc030000 - 0x000007fefc06b000 	C:\Windows\system32\WINMM.dll
0x000007fefcb10000 - 0x000007fefcb1c000 	C:\Windows\system32\VERSION.dll
0x0000000077c30000 - 0x0000000077c37000 	C:\Windows\system32\PSAPI.DLL
0x000007feeb810000 - 0x000007feeb81f000 	C:\Program Files\Android\Android Studio\jre\jre\bin\verify.dll
0x000007fee9c40000 - 0x000007fee9c69000 	C:\Program Files\Android\Android Studio\jre\jre\bin\java.dll
0x000007fee9c80000 - 0x000007fee9c96000 	C:\Program Files\Android\Android Studio\jre\jre\bin\zip.dll
0x000007fefec00000 - 0x000007feff988000 	C:\Windows\system32\SHELL32.dll
0x000007fefe710000 - 0x000007fefe913000 	C:\Windows\system32\ole32.dll
0x000007fefd9b0000 - 0x000007fefd9bf000 	C:\Windows\system32\profapi.dll
0x000007fee9c20000 - 0x000007fee9c3a000 	C:\Program Files\Android\Android Studio\jre\jre\bin\net.dll
0x000007fefd1e0000 - 0x000007fefd235000 	C:\Windows\system32\mswsock.dll
0x000007fefd1d0000 - 0x000007fefd1d7000 	C:\Windows\System32\wship6.dll
0x000007fee9c00000 - 0x000007fee9c11000 	C:\Program Files\Android\Android Studio\jre\jre\bin\nio.dll
0x000007fee8d20000 - 0x000007fee8d3e000 	C:\Users\pakistan\.gradle\native\25\windows-amd64\native-platform.dll
0x000007fee9530000 - 0x000007fee953d000 	C:\Program Files\Android\Android Studio\jre\jre\bin\management.dll
0x000007fefd240000 - 0x000007fefd257000 	C:\Windows\system32\CRYPTSP.dll
0x000007fefcf40000 - 0x000007fefcf87000 	C:\Windows\system32\rsaenh.dll
0x000007fefccf0000 - 0x000007fefcd0e000 	C:\Windows\system32\USERENV.dll
0x000007fefd840000 - 0x000007fefd84f000 	C:\Windows\system32\CRYPTBASE.dll
0x000007fefb040000 - 0x000007fefb067000 	C:\Windows\system32\IPHLPAPI.DLL
0x000007fefb5a0000 - 0x000007fefb5ab000 	C:\Windows\system32\WINNSI.DLL
0x000007fefae60000 - 0x000007fefae78000 	C:\Windows\system32\dhcpcsvc.DLL
0x000007fefa960000 - 0x000007fefa971000 	C:\Windows\system32\dhcpcsvc6.DLL
0x000007fefd8f0000 - 0x000007fefd947000 	C:\Windows\system32\apphelp.dll
0x000007fef53d0000 - 0x000007fef53ee000 	C:\Users\pakistan\AppData\Local\Temp\native-platform3480579615016696658dir\native-platform.dll

VM Arguments:
jvm_args: -Xmx1536m -Dfile.encoding=windows-1252 -Duser.country=US -Duser.language=en -Duser.variant 
java_command: org.gradle.launcher.daemon.bootstrap.GradleDaemon 4.4
java_class_path (initial): C:\Users\pakistan\.gradle\wrapper\dists\gradle-4.4-all\9br9xq1tocpiv8o6njlyu5op1\gradle-4.4\lib\gradle-launcher-4.4.jar
Launcher Type: SUN_STANDARD

Environment Variables:
JAVA_HOME=C:\Program Files\Java\jdk1.8.0_77
PATH=C:\Program Files (x86)\Common Files\Oracle\Java\javapath;C:\ProgramData\Oracle\Java\javapath;C:\Windows\system32;C:\Windows;C:\Windows\System32\Wbem;C:\Windows\System32\WindowsPowerShell\v1.0\;C:\Program Files (x86)\Yarn\bin\;C:\Program Files\nodejs\;C:\Program Files\Microsoft VS Code\bin;C:\Program Files\Git\cmd;c:\Program Files (x86)\Microsoft SQL Server\100\Tools\Binn\VSShell\Common7\IDE\;c:\Program Files (x86)\Microsoft SQL Server\100\Tools\Binn\;c:\Program Files (x86)\Microsoft SQL Server\100\DTS\Binn\;c:\Program Files\Microsoft SQL Server\100\Tools\Binn\;c:\Program Files\Microsoft SQL Server\100\DTS\Binn\;C:\Program Files (x86)\Windows Kits\8.1\Windows Performance Toolkit\;C:\Program Files\Microsoft SQL Server\110\Tools\Binn\;C:\Program Files\Microsoft VS Code\bin;C:\Users\pakistan\AppData\Local\Android\sdk\platform-tools;C:\Users\pakistan\AppData\Local\Yarn\bin;C:\Users\pakistan\AppData\Roaming\npm
USERNAME=pakistan
OS=Windows_NT
PROCESSOR_IDENTIFIER=Intel64 Family 6 Model 58 Stepping 9, GenuineIntel



---------------  S Y S T E M  ---------------

OS: Windows 7 , 64 bit Build 7601 (6.1.7601.17514)

CPU:total 4 (initial active 4) (2 cores per cpu, 2 threads per core) family 6 model 58 stepping 9, cmov, cx8, fxsr, mmx, sse, sse2, sse3, ssse3, sse4.1, sse4.2, popcnt, avx, aes, clmul, erms, ht, tsc, tscinvbit, tscinv

Memory: 4k page, physical 8272180k(1391032k free), swap 8270336k(5736k free)

vm_info: OpenJDK 64-Bit Server VM (25.152-b02) for windows-amd64 JRE (1.8.0_152-release-1024-b02), built by "builder" with MS VC++ 10.0 (VS2010)

time: Wed Aug 15 21:09:42 2018
elapsed time: 105 seconds (0d 0h 1m 45s)

